Add your message links from the point you wish to start from or leave it blank.
https://t.me/Seele_WW_Leak/9666
https://t.me/Team_Gemberry78/2751
https://t.me/disgramtest/370
https://t.me/waves_wuthering/12506
2026-07-19 19:06:47,266 [worker-1] WARNING: Attempt 1 at new auth_key failed: Step 3 invalid new nonce hash
2026-07-19 19:11:59,366 [main] INFO: Disgram.log cleared successfully (soft clean)
2026-07-19 19:12:03,869 [main] INFO: Spawning worker 0 for channels: disgramtest,Team_Gemberry78
2026-07-19 19:12:07,359 [worker-0] INFO: Scraping messages from Telegram channel: disgramtest (Attempt 1)
2026-07-19 19:12:08,462 [worker-0] INFO: Scraping messages from Telegram channel: Team_Gemberry78 (Attempt 1)
2026-07-19 19:12:10,878 [main] INFO: Spawning worker 1 for channels: Seele_WW_Leak,waves_wuthering
2026-07-19 19:12:14,866 [worker-1] INFO: Scraping messages from Telegram channel: Seele_WW_Leak (Attempt 1)
2026-07-19 19:12:15,973 [worker-1] INFO: Scraping messages from Telegram channel: waves_wuthering (Attempt 1)
2026-07-19 19:12:17,982 [main] INFO: Completed full cycle. Sleeping for 300 seconds.
2026-07-19 19:13:15,270 [main] INFO: Force commit requested, bypassing cooldown period
2026-07-19 19:13:15,294 [main] INFO: Git authentication configured for repository: SimpNick6703/Disgram.git
2026-07-19 19:13:17,207 [main] INFO: Log files to be committed: Disgram.log
2026-07-19 19:14:30,375 [main] INFO: Successfully pulled latest repository state
2026-07-19 19:14:30,376 [main] INFO: Repository updated with latest changes
https://t.me/disgramtest/349
https://t.me/Team_Gemberry78/2746
https://t.me/Seele_WW_Leak/9649
https://t.me/waves_wuthering/12502
2026-07-19 19:14:30,377 [main] INFO: Chunked 4 channels into 2 worker groups
2026-07-19 19:14:30,377 [main] INFO: Starting Waitress WSGI server on port 10000...
2026-07-19 19:14:30,377 [main] INFO: Disgram bot is running with health check endpoint.
2026-07-19 19:14:30,378 [main] INFO: Spawning worker 0 for channels: disgramtest,Team_Gemberry78
2026-07-19 19:14:30,781 [main] INFO: Serving on http://0.0.0.0:10000
2026-07-19 19:14:39,583 [worker-0] INFO: Scraping messages from Telegram channel: disgramtest (Attempt 1)
2026-07-19 19:14:40,879 [main] INFO: cryptg detected, it will be used for encryption
2026-07-19 19:14:41,677 [worker-0] INFO: Scraping messages from Telegram channel: Team_Gemberry78 (Attempt 1)
2026-07-19 19:14:43,279 [main] INFO: Connecting to 91.108.56.190:443/TcpFull...
2026-07-19 19:14:43,376 [main] INFO: Connection to 91.108.56.190:443/TcpFull complete!
2026-07-19 19:14:43,675 [main] INFO: Telethon connected successfully to DC 5 at 91.108.56.190
2026-07-19 19:14:44,287 [main] INFO: Spawning worker 1 for channels: Seele_WW_Leak,waves_wuthering
2026-07-19 19:14:47,489 [worker-1] INFO: Scraping messages from Telegram channel: Seele_WW_Leak (Attempt 1)
2026-07-19 19:14:48,778 [worker-1] INFO: Scraping messages from Telegram channel: waves_wuthering (Attempt 1)
2026-07-19 19:14:50,695 [main] INFO: Completed full cycle. Sleeping for 300 seconds.
2026-07-19 19:19:50,696 [main] INFO: Spawning worker 0 for channels: disgramtest,Team_Gemberry78
2026-07-19 19:19:53,881 [worker-0] INFO: Scraping messages from Telegram channel: disgramtest (Attempt 1)
2026-07-19 19:19:55,485 [worker-0] INFO: Scraping messages from Telegram channel: Team_Gemberry78 (Attempt 1)
2026-07-19 19:19:57,188 [main] INFO: Spawning worker 1 for channels: Seele_WW_Leak,waves_wuthering
2026-07-19 19:20:00,077 [worker-1] INFO: Scraping messages from Telegram channel: Seele_WW_Leak (Attempt 1)
2026-07-19 19:20:01,585 [worker-1] INFO: Scraping messages from Telegram channel: waves_wuthering (Attempt 1)
2026-07-19 19:20:03,278 [main] INFO: Completed full cycle. Sleeping for 300 seconds.
2026-07-19 19:25:03,279 [main] INFO: Spawning worker 0 for channels: disgramtest,Team_Gemberry78
2026-07-19 19:25:07,092 [worker-0] INFO: Scraping messages from Telegram channel: disgramtest (Attempt 1)
2026-07-19 19:25:08,175 [worker-0] INFO: Scraping messages from Telegram channel: Team_Gemberry78 (Attempt 1)
2026-07-19 19:25:10,376 [main] INFO: Spawning worker 1 for channels: Seele_WW_Leak,waves_wuthering
2026-07-19 19:25:13,285 [worker-1] INFO: Scraping messages from Telegram channel: Seele_WW_Leak (Attempt 1)
2026-07-19 19:25:14,280 [worker-1] INFO: Scraping messages from Telegram channel: waves_wuthering (Attempt 1)
2026-07-19 19:25:16,378 [main] INFO: Completed full cycle. Sleeping for 300 seconds.
2026-07-19 19:30:16,379 [main] INFO: Spawning worker 0 for channels: disgramtest,Team_Gemberry78
2026-07-19 19:30:19,698 [worker-0] INFO: Scraping messages from Telegram channel: disgramtest (Attempt 1)
2026-07-19 19:30:20,893 [worker-0] INFO: Scraping messages from Telegram channel: Team_Gemberry78 (Attempt 1)
2026-07-19 19:30:23,075 [main] INFO: Spawning worker 1 for channels: Seele_WW_Leak,waves_wuthering
2026-07-19 19:30:26,180 [worker-1] INFO: Scraping messages from Telegram channel: Seele_WW_Leak (Attempt 1)
2026-07-19 19:30:27,277 [worker-1] INFO: Scraping messages from Telegram channel: waves_wuthering (Attempt 1)
2026-07-19 19:30:29,075 [main] INFO: Completed full cycle. Sleeping for 300 seconds.
2026-07-19 19:35:29,076 [main] INFO: Spawning worker 0 for channels: disgramtest,Team_Gemberry78
2026-07-19 19:35:32,078 [worker-0] INFO: Scraping messages from Telegram channel: disgramtest (Attempt 1)
2026-07-19 19:35:33,283 [worker-0] INFO: Scraping messages from Telegram channel: Team_Gemberry78 (Attempt 1)
2026-07-19 19:35:35,483 [main] INFO: Spawning worker 1 for channels: Seele_WW_Leak,waves_wuthering
2026-07-19 19:35:38,782 [worker-1] INFO: Scraping messages from Telegram channel: Seele_WW_Leak (Attempt 1)
2026-07-19 19:35:39,881 [worker-1] INFO: Scraping messages from Telegram channel: waves_wuthering (Attempt 1)
2026-07-19 19:35:42,284 [main] INFO: Completed full cycle. Sleeping for 300 seconds.
2026-07-19 19:40:42,285 [main] INFO: Spawning worker 0 for channels: disgramtest,Team_Gemberry78
2026-07-19 19:40:45,379 [worker-0] INFO: Scraping messages from Telegram channel: disgramtest (Attempt 1)
2026-07-19 19:40:46,478 [worker-0] INFO: Scraping messages from Telegram channel: Team_Gemberry78 (Attempt 1)
2026-07-19 19:40:48,784 [main] INFO: Spawning worker 1 for channels: Seele_WW_Leak,waves_wuthering
2026-07-19 19:40:51,877 [worker-1] INFO: Scraping messages from Telegram channel: Seele_WW_Leak (Attempt 1)
2026-07-19 19:40:53,078 [worker-1] INFO: Scraping messages from Telegram channel: waves_wuthering (Attempt 1)
2026-07-19 19:40:55,088 [main] INFO: Completed full cycle. Sleeping for 300 seconds.
2026-07-19 19:45:55,089 [main] INFO: Spawning worker 0 for channels: disgramtest,Team_Gemberry78
2026-07-19 19:45:58,177 [worker-0] INFO: Scraping messages from Telegram channel: disgramtest (Attempt 1)
2026-07-19 19:45:59,275 [worker-0] INFO: Scraping messages from Telegram channel: Team_Gemberry78 (Attempt 1)
2026-07-19 19:46:01,086 [main] INFO: Spawning worker 1 for channels: Seele_WW_Leak,waves_wuthering
2026-07-19 19:46:04,177 [worker-1] INFO: Scraping messages from Telegram channel: Seele_WW_Leak (Attempt 1)
2026-07-19 19:46:05,282 [worker-1] INFO: Scraping messages from Telegram channel: waves_wuthering (Attempt 1)
2026-07-19 19:46:07,088 [main] INFO: Completed full cycle. Sleeping for 300 seconds.
2026-07-19 19:51:07,089 [main] INFO: Spawning worker 0 for channels: disgramtest,Team_Gemberry78
2026-07-19 19:51:10,177 [worker-0] INFO: Scraping messages from Telegram channel: disgramtest (Attempt 1)
2026-07-19 19:51:10,987 [worker-0] INFO: Scraping messages from Telegram channel: Team_Gemberry78 (Attempt 1)
2026-07-19 19:51:13,285 [main] INFO: Spawning worker 1 for channels: Seele_WW_Leak,waves_wuthering
2026-07-19 19:51:16,182 [worker-1] INFO: Scraping messages from Telegram channel: Seele_WW_Leak (Attempt 1)
2026-07-19 19:51:17,288 [worker-1] INFO: Scraping messages from Telegram channel: waves_wuthering (Attempt 1)
2026-07-19 19:51:18,978 [main] INFO: Completed full cycle. Sleeping for 300 seconds.
2026-07-19 19:56:18,979 [main] INFO: Spawning worker 0 for channels: disgramtest,Team_Gemberry78
2026-07-19 19:56:22,087 [worker-0] INFO: Scraping messages from Telegram channel: disgramtest (Attempt 1)
2026-07-19 19:56:23,189 [worker-0] INFO: Scraping messages from Telegram channel: Team_Gemberry78 (Attempt 1)
2026-07-19 19:56:24,984 [main] INFO: Spawning worker 1 for channels: Seele_WW_Leak,waves_wuthering
2026-07-19 19:56:27,975 [worker-1] INFO: Scraping messages from Telegram channel: Seele_WW_Leak (Attempt 1)
2026-07-19 19:56:28,983 [worker-1] INFO: Scraping messages from Telegram channel: waves_wuthering (Attempt 1)
2026-07-19 19:56:30,783 [main] INFO: Completed full cycle. Sleeping for 300 seconds.
2026-07-19 20:01:30,786 [main] INFO: Spawning worker 0 for channels: disgramtest,Team_Gemberry78
2026-07-19 20:01:34,289 [worker-0] INFO: Scraping messages from Telegram channel: disgramtest (Attempt 1)
2026-07-19 20:01:35,486 [worker-0] INFO: Scraping messages from Telegram channel: Team_Gemberry78 (Attempt 1)
2026-07-19 20:01:37,676 [main] INFO: Spawning worker 1 for channels: Seele_WW_Leak,waves_wuthering
2026-07-19 20:01:40,982 [worker-1] INFO: Scraping messages from Telegram channel: Seele_WW_Leak (Attempt 1)
2026-07-19 20:01:42,980 [worker-1] INFO: Scraping messages from Telegram channel: waves_wuthering (Attempt 1)
2026-07-19 20:01:44,782 [main] INFO: Completed full cycle. Sleeping for 300 seconds.
2026-07-19 20:06:44,783 [main] INFO: Spawning worker 0 for channels: disgramtest,Team_Gemberry78
2026-07-19 20:06:48,193 [worker-0] INFO: Scraping messages from Telegram channel: disgramtest (Attempt 1)
2026-07-19 20:06:49,577 [worker-0] INFO: Scraping messages from Telegram channel: Team_Gemberry78 (Attempt 1)
2026-07-19 20:06:51,487 [main] INFO: Spawning worker 1 for channels: Seele_WW_Leak,waves_wuthering
2026-07-19 20:06:54,677 [worker-1] INFO: Scraping messages from Telegram channel: Seele_WW_Leak (Attempt 1)
2026-07-19 20:06:55,879 [worker-1] INFO: Scraping messages from Telegram channel: waves_wuthering (Attempt 1)
2026-07-19 20:06:57,883 [main] INFO: Completed full cycle. Sleeping for 300 seconds.
2026-07-19 20:11:57,884 [main] INFO: Spawning worker 0 for channels: disgramtest,Team_Gemberry78
2026-07-19 20:12:00,779 [worker-0] INFO: Scraping messages from Telegram channel: disgramtest (Attempt 1)
2026-07-19 20:12:01,878 [worker-0] INFO: Scraping messages from Telegram channel: Team_Gemberry78 (Attempt 1)
2026-07-19 20:12:03,982 [main] INFO: Spawning worker 1 for channels: Seele_WW_Leak,waves_wuthering
2026-07-19 20:12:06,887 [worker-1] INFO: Scraping messages from Telegram channel: Seele_WW_Leak (Attempt 1)
2026-07-19 20:12:08,175 [worker-1] INFO: Scraping messages from Telegram channel: waves_wuthering (Attempt 1)
2026-07-19 20:12:09,983 [main] INFO: Completed full cycle. Sleeping for 300 seconds.
2026-07-19 20:17:09,984 [main] INFO: Spawning worker 0 for channels: disgramtest,Team_Gemberry78
2026-07-19 20:17:13,079 [worker-0] INFO: Scraping messages from Telegram channel: disgramtest (Attempt 1)
2026-07-19 20:17:13,982 [worker-0] INFO: Scraping messages from Telegram channel: Team_Gemberry78 (Attempt 1)
2026-07-19 20:17:16,179 [main] INFO: Spawning worker 1 for channels: Seele_WW_Leak,waves_wuthering
2026-07-19 20:17:19,084 [worker-1] INFO: Scraping messages from Telegram channel: Seele_WW_Leak (Attempt 1)
2026-07-19 20:17:20,977 [worker-1] INFO: Scraping messages from Telegram channel: waves_wuthering (Attempt 1)
2026-07-19 20:17:23,878 [main] INFO: Completed full cycle. Sleeping for 300 seconds.
2026-07-19 20:22:23,879 [main] INFO: Spawning worker 0 for channels: disgramtest,Team_Gemberry78
2026-07-19 20:22:27,087 [worker-0] INFO: Scraping messages from Telegram channel: disgramtest (Attempt 1)
2026-07-19 20:22:28,179 [worker-0] INFO: Scraping messages from Telegram channel: Team_Gemberry78 (Attempt 1)
2026-07-19 20:22:30,087 [main] INFO: Spawning worker 1 for channels: Seele_WW_Leak,waves_wuthering
2026-07-19 20:22:33,277 [worker-1] INFO: Scraping messages from Telegram channel: Seele_WW_Leak (Attempt 1)
2026-07-19 20:22:34,477 [worker-1] INFO: Scraping messages from Telegram channel: waves_wuthering (Attempt 1)
2026-07-19 20:22:37,083 [main] INFO: Completed full cycle. Sleeping for 300 seconds.
2026-07-19 20:27:37,084 [main] INFO: Spawning worker 0 for channels: disgramtest,Team_Gemberry78
2026-07-19 20:27:40,276 [worker-0] INFO: Scraping messages from Telegram channel: disgramtest (Attempt 1)
2026-07-19 20:27:41,177 [worker-0] INFO: Scraping messages from Telegram channel: Team_Gemberry78 (Attempt 1)
2026-07-19 20:27:43,175 [main] INFO: Spawning worker 1 for channels: Seele_WW_Leak,waves_wuthering
2026-07-19 20:27:46,181 [worker-1] INFO: Scraping messages from Telegram channel: Seele_WW_Leak (Attempt 1)
2026-07-19 20:27:47,185 [worker-1] INFO: Scraping messages from Telegram channel: waves_wuthering (Attempt 1)
2026-07-19 20:27:49,876 [main] INFO: Completed full cycle. Sleeping for 300 seconds.
2026-07-19 20:32:49,877 [main] INFO: Spawning worker 0 for channels: disgramtest,Team_Gemberry78
2026-07-19 20:32:52,977 [worker-0] INFO: Scraping messages from Telegram channel: disgramtest (Attempt 1)
2026-07-19 20:32:53,987 [worker-0] INFO: Scraping messages from Telegram channel: Team_Gemberry78 (Attempt 1)
2026-07-19 20:32:55,588 [main] INFO: Spawning worker 1 for channels: Seele_WW_Leak,waves_wuthering
2026-07-19 20:32:58,489 [worker-1] INFO: Scraping messages from Telegram channel: Seele_WW_Leak (Attempt 1)
2026-07-19 20:32:59,677 [worker-1] INFO: Scraping messages from Telegram channel: waves_wuthering (Attempt 1)
2026-07-19 20:33:01,675 [main] INFO: Completed full cycle. Sleeping for 300 seconds.
2026-07-19 20:38:01,676 [main] INFO: Spawning worker 0 for channels: disgramtest,Team_Gemberry78
2026-07-19 20:38:04,386 [worker-0] INFO: Scraping messages from Telegram channel: disgramtest (Attempt 1)
2026-07-19 20:38:05,283 [worker-0] INFO: Scraping messages from Telegram channel: Team_Gemberry78 (Attempt 1)
2026-07-19 20:38:07,084 [main] INFO: Spawning worker 1 for channels: Seele_WW_Leak,waves_wuthering
2026-07-19 20:38:10,689 [worker-1] INFO: Scraping messages from Telegram channel: Seele_WW_Leak (Attempt 1)
2026-07-19 20:38:12,080 [worker-1] INFO: Scraping messages from Telegram channel: waves_wuthering (Attempt 1)
2026-07-19 20:38:13,978 [main] INFO: Completed full cycle. Sleeping for 300 seconds.
2026-07-19 20:43:13,979 [main] INFO: Spawning worker 0 for channels: disgramtest,Team_Gemberry78
2026-07-19 20:43:17,287 [worker-0] INFO: Scraping messages from Telegram channel: disgramtest (Attempt 1)
2026-07-19 20:43:18,278 [worker-0] INFO: Scraping messages from Telegram channel: Team_Gemberry78 (Attempt 1)
2026-07-19 20:43:20,279 [main] INFO: Spawning worker 1 for channels: Seele_WW_Leak,waves_wuthering
2026-07-19 20:43:23,778 [worker-1] INFO: Scraping messages from Telegram channel: Seele_WW_Leak (Attempt 1)
2026-07-19 20:43:25,083 [worker-1] INFO: Scraping messages from Telegram channel: waves_wuthering (Attempt 1)
2026-07-19 20:43:26,889 [main] INFO: Completed full cycle. Sleeping for 300 seconds.
2026-07-19 20:44:44,074 [main] INFO: Got difference for account updates
2026-07-19 20:48:26,890 [main] INFO: Spawning worker 0 for channels: disgramtest,Team_Gemberry78
2026-07-19 20:48:29,784 [worker-0] INFO: Scraping messages from Telegram channel: disgramtest (Attempt 1)
2026-07-19 20:48:30,686 [worker-0] INFO: Scraping messages from Telegram channel: Team_Gemberry78 (Attempt 1)
2026-07-19 20:48:32,684 [main] INFO: Spawning worker 1 for channels: Seele_WW_Leak,waves_wuthering
2026-07-19 20:48:35,778 [worker-1] INFO: Scraping messages from Telegram channel: Seele_WW_Leak (Attempt 1)
2026-07-19 20:48:36,780 [worker-1] INFO: Scraping messages from Telegram channel: waves_wuthering (Attempt 1)
2026-07-19 20:48:38,688 [main] INFO: Completed full cycle. Sleeping for 300 seconds.
2026-07-19 20:53:38,689 [main] INFO: Spawning worker 0 for channels: disgramtest,Team_Gemberry78
2026-07-19 20:53:41,484 [worker-0] INFO: Scraping messages from Telegram channel: disgramtest (Attempt 1)
2026-07-19 20:53:42,575 [worker-0] INFO: Scraping messages from Telegram channel: Team_Gemberry78 (Attempt 1)
2026-07-19 20:53:44,281 [main] INFO: Spawning worker 1 for channels: Seele_WW_Leak,waves_wuthering
2026-07-19 20:53:47,378 [worker-1] INFO: Scraping messages from Telegram channel: Seele_WW_Leak (Attempt 1)
2026-07-19 20:53:48,384 [worker-1] INFO: Scraping messages from Telegram channel: waves_wuthering (Attempt 1)
2026-07-19 20:53:50,385 [main] INFO: Completed full cycle. Sleeping for 300 seconds.
2026-07-19 20:58:50,386 [main] INFO: Spawning worker 0 for channels: disgramtest,Team_Gemberry78
2026-07-19 20:58:53,283 [worker-0] INFO: Scraping messages from Telegram channel: disgramtest (Attempt 1)
2026-07-19 20:58:54,184 [worker-0] INFO: Scraping messages from Telegram channel: Team_Gemberry78 (Attempt 1)
2026-07-19 20:58:56,380 [main] INFO: Spawning worker 1 for channels: Seele_WW_Leak,waves_wuthering
2026-07-19 20:58:59,389 [worker-1] INFO: Scraping messages from Telegram channel: Seele_WW_Leak (Attempt 1)
2026-07-19 20:59:00,478 [worker-1] INFO: Scraping messages from Telegram channel: waves_wuthering (Attempt 1)
2026-07-19 20:59:02,186 [main] INFO: Completed full cycle. Sleeping for 300 seconds.
2026-07-19 21:04:02,187 [main] INFO: Spawning worker 0 for channels: disgramtest,Team_Gemberry78
2026-07-19 21:04:05,284 [worker-0] INFO: Scraping messages from Telegram channel: disgramtest (Attempt 1)
2026-07-19 21:04:06,484 [worker-0] INFO: Scraping messages from Telegram channel: Team_Gemberry78 (Attempt 1)
2026-07-19 21:04:08,479 [main] INFO: Spawning worker 1 for channels: Seele_WW_Leak,waves_wuthering
2026-07-19 21:04:11,380 [worker-1] INFO: Scraping messages from Telegram channel: Seele_WW_Leak (Attempt 1)
2026-07-19 21:04:12,585 [worker-1] INFO: Scraping messages from Telegram channel: waves_wuthering (Attempt 1)
2026-07-19 21:04:14,784 [main] INFO: Completed full cycle. Sleeping for 300 seconds.
2026-07-19 21:09:14,785 [main] INFO: Spawning worker 0 for channels: disgramtest,Team_Gemberry78
2026-07-19 21:09:17,979 [worker-0] INFO: Scraping messages from Telegram channel: disgramtest (Attempt 1)
2026-07-19 21:09:18,995 [worker-0] INFO: Scraping messages from Telegram channel: Team_Gemberry78 (Attempt 1)
2026-07-19 21:09:20,887 [main] INFO: Spawning worker 1 for channels: Seele_WW_Leak,waves_wuthering
2026-07-19 21:09:23,884 [worker-1] INFO: Scraping messages from Telegram channel: Seele_WW_Leak (Attempt 1)
2026-07-19 21:09:24,977 [worker-1] INFO: Scraping messages from Telegram channel: waves_wuthering (Attempt 1)
2026-07-19 21:09:26,985 [main] INFO: Completed full cycle. Sleeping for 300 seconds.
2026-07-19 21:14:26,985 [main] INFO: Spawning worker 0 for channels: disgramtest,Team_Gemberry78
2026-07-19 21:14:29,687 [worker-0] INFO: Scraping messages from Telegram channel: disgramtest (Attempt 1)
2026-07-19 21:14:30,689 [worker-0] INFO: Scraping messages from Telegram channel: Team_Gemberry78 (Attempt 1)
2026-07-19 21:14:32,894 [main] INFO: Spawning worker 1 for channels: Seele_WW_Leak,waves_wuthering
2026-07-19 21:14:36,585 [worker-1] INFO: Scraping messages from Telegram channel: Seele_WW_Leak (Attempt 1)
2026-07-19 21:14:37,785 [worker-1] INFO: Scraping messages from Telegram channel: waves_wuthering (Attempt 1)
2026-07-19 21:14:39,677 [main] INFO: Completed full cycle. Sleeping for 300 seconds.
2026-07-19 21:19:39,678 [main] INFO: Spawning worker 0 for channels: disgramtest,Team_Gemberry78
2026-07-19 21:19:42,977 [worker-0] INFO: Scraping messages from Telegram channel: disgramtest (Attempt 1)
2026-07-19 21:19:43,982 [worker-0] INFO: Scraping messages from Telegram channel: Team_Gemberry78 (Attempt 1)
2026-07-19 21:19:45,790 [main] INFO: Spawning worker 1 for channels: Seele_WW_Leak,waves_wuthering
2026-07-19 21:19:49,394 [worker-1] INFO: Scraping messages from Telegram channel: Seele_WW_Leak (Attempt 1)
2026-07-19 21:19:50,781 [worker-1] INFO: Scraping messages from Telegram channel: waves_wuthering (Attempt 1)
2026-07-19 21:19:52,584 [main] INFO: Completed full cycle. Sleeping for 300 seconds.
2026-07-19 21:24:52,584 [main] INFO: Spawning worker 0 for channels: disgramtest,Team_Gemberry78
2026-07-19 21:24:55,478 [worker-0] INFO: Scraping messages from Telegram channel: disgramtest (Attempt 1)
2026-07-19 21:24:56,481 [worker-0] INFO: Scraping messages from Telegram channel: Team_Gemberry78 (Attempt 1)
2026-07-19 21:25:01,478 [main] INFO: Spawning worker 1 for channels: Seele_WW_Leak,waves_wuthering
2026-07-19 21:25:04,681 [worker-1] INFO: Scraping messages from Telegram channel: Seele_WW_Leak (Attempt 1)
2026-07-19 21:25:06,081 [worker-1] INFO: Scraping messages from Telegram channel: waves_wuthering (Attempt 1)
2026-07-19 21:25:08,175 [main] INFO: Completed full cycle. Sleeping for 300 seconds.
2026-07-19 21:30:08,175 [main] INFO: Spawning worker 0 for channels: disgramtest,Team_Gemberry78
2026-07-19 21:30:10,980 [worker-0] INFO: Scraping messages from Telegram channel: disgramtest (Attempt 1)
2026-07-19 21:30:12,480 [worker-0] INFO: Scraping messages from Telegram channel: Team_Gemberry78 (Attempt 1)
2026-07-19 21:30:14,484 [main] INFO: Spawning worker 1 for channels: Seele_WW_Leak,waves_wuthering
2026-07-19 21:30:17,585 [worker-1] INFO: Scraping messages from Telegram channel: Seele_WW_Leak (Attempt 1)
2026-07-19 21:30:18,879 [worker-1] INFO: Scraping messages from Telegram channel: waves_wuthering (Attempt 1)
2026-07-19 21:30:21,178 [main] INFO: Completed full cycle. Sleeping for 300 seconds.
2026-07-19 21:35:21,179 [main] INFO: Spawning worker 0 for channels: disgramtest,Team_Gemberry78
2026-07-19 21:35:24,082 [worker-0] INFO: Scraping messages from Telegram channel: disgramtest (Attempt 1)
2026-07-19 21:35:25,278 [worker-0] INFO: Scraping messages from Telegram channel: Team_Gemberry78 (Attempt 1)
2026-07-19 21:35:27,087 [main] INFO: Spawning worker 1 for channels: Seele_WW_Leak,waves_wuthering
2026-07-19 21:35:30,184 [worker-1] INFO: Scraping messages from Telegram channel: Seele_WW_Leak (Attempt 1)
2026-07-19 21:35:31,279 [worker-1] INFO: Scraping messages from Telegram channel: waves_wuthering (Attempt 1)
2026-07-19 21:35:33,086 [main] INFO: Completed full cycle. Sleeping for 300 seconds.
2026-07-19 21:40:33,086 [main] INFO: Spawning worker 0 for channels: disgramtest,Team_Gemberry78
2026-07-19 21:40:36,182 [worker-0] INFO: Scraping messages from Telegram channel: disgramtest (Attempt 1)
2026-07-19 21:40:37,188 [worker-0] INFO: Scraping messages from Telegram channel: Team_Gemberry78 (Attempt 1)
2026-07-19 21:40:39,287 [main] INFO: Spawning worker 1 for channels: Seele_WW_Leak,waves_wuthering
2026-07-19 21:40:43,095 [worker-1] INFO: Scraping messages from Telegram channel: Seele_WW_Leak (Attempt 1)
2026-07-19 21:40:44,278 [worker-1] INFO: Scraping messages from Telegram channel: waves_wuthering (Attempt 1)
2026-07-19 21:40:46,075 [main] INFO: Completed full cycle. Sleeping for 300 seconds.
2026-07-19 21:45:46,076 [main] INFO: Spawning worker 0 for channels: disgramtest,Team_Gemberry78
2026-07-19 21:45:49,178 [worker-0] INFO: Scraping messages from Telegram channel: disgramtest (Attempt 1)
2026-07-19 21:45:50,179 [worker-0] INFO: Scraping messages from Telegram channel: Team_Gemberry78 (Attempt 1)
2026-07-19 21:45:52,581 [main] INFO: Spawning worker 1 for channels: Seele_WW_Leak,waves_wuthering
2026-07-19 21:45:56,078 [worker-1] INFO: Scraping messages from Telegram channel: Seele_WW_Leak (Attempt 1)
2026-07-19 21:45:57,184 [worker-1] INFO: Scraping messages from Telegram channel: waves_wuthering (Attempt 1)
2026-07-19 21:45:59,176 [main] INFO: Completed full cycle. Sleeping for 300 seconds.
2026-07-19 21:50:59,177 [main] INFO: Spawning worker 0 for channels: disgramtest,Team_Gemberry78
2026-07-19 21:51:02,076 [worker-0] INFO: Scraping messages from Telegram channel: disgramtest (Attempt 1)
2026-07-19 21:51:02,889 [worker-0] INFO: Scraping messages from Telegram channel: Team_Gemberry78 (Attempt 1)
2026-07-19 21:51:04,585 [main] INFO: Spawning worker 1 for channels: Seele_WW_Leak,waves_wuthering
2026-07-19 21:51:07,875 [worker-1] INFO: Scraping messages from Telegram channel: Seele_WW_Leak (Attempt 1)
2026-07-19 21:51:09,280 [worker-1] INFO: Scraping messages from Telegram channel: waves_wuthering (Attempt 1)
2026-07-19 21:51:11,487 [main] INFO: Completed full cycle. Sleeping for 300 seconds.
2026-07-19 21:56:11,488 [main] INFO: Spawning worker 0 for channels: disgramtest,Team_Gemberry78
2026-07-19 21:56:14,282 [worker-0] INFO: Scraping messages from Telegram channel: disgramtest (Attempt 1)
2026-07-19 21:56:15,280 [worker-0] INFO: Scraping messages from Telegram channel: Team_Gemberry78 (Attempt 1)
2026-07-19 21:56:17,480 [main] INFO: Spawning worker 1 for channels: Seele_WW_Leak,waves_wuthering
2026-07-19 21:56:20,586 [worker-1] INFO: Scraping messages from Telegram channel: Seele_WW_Leak (Attempt 1)
2026-07-19 21:56:21,681 [worker-1] INFO: Scraping messages from Telegram channel: waves_wuthering (Attempt 1)
2026-07-19 21:56:23,885 [main] INFO: Completed full cycle. Sleeping for 300 seconds.
2026-07-19 22:01:23,886 [main] INFO: Spawning worker 0 for channels: disgramtest,Team_Gemberry78
2026-07-19 22:01:27,185 [worker-0] INFO: Scraping messages from Telegram channel: disgramtest (Attempt 1)
2026-07-19 22:01:28,181 [worker-0] INFO: Scraping messages from Telegram channel: Team_Gemberry78 (Attempt 1)
2026-07-19 22:01:30,681 [main] INFO: Spawning worker 1 for channels: Seele_WW_Leak,waves_wuthering
2026-07-19 22:01:33,782 [worker-1] INFO: Scraping messages from Telegram channel: Seele_WW_Leak (Attempt 1)
2026-07-19 22:01:34,984 [worker-1] INFO: Scraping messages from Telegram channel: waves_wuthering (Attempt 1)
2026-07-19 22:01:36,984 [main] INFO: Completed full cycle. Sleeping for 300 seconds.
2026-07-19 22:06:36,986 [main] INFO: Spawning worker 0 for channels: disgramtest,Team_Gemberry78
2026-07-19 22:06:39,979 [worker-0] INFO: Scraping messages from Telegram channel: disgramtest (Attempt 1)
2026-07-19 22:06:40,886 [worker-0] INFO: Scraping messages from Telegram channel: Team_Gemberry78 (Attempt 1)
2026-07-19 22:06:42,685 [main] INFO: Spawning worker 1 for channels: Seele_WW_Leak,waves_wuthering
2026-07-19 22:06:45,681 [worker-1] INFO: Scraping messages from Telegram channel: Seele_WW_Leak (Attempt 1)
2026-07-19 22:06:46,781 [worker-1] INFO: Scraping messages from Telegram channel: waves_wuthering (Attempt 1)
2026-07-19 22:06:48,778 [main] INFO: Completed full cycle. Sleeping for 300 seconds.
2026-07-19 22:11:48,778 [main] INFO: Spawning worker 0 for channels: disgramtest,Team_Gemberry78
2026-07-19 22:11:51,587 [worker-0] INFO: Scraping messages from Telegram channel: disgramtest (Attempt 1)
2026-07-19 22:11:52,475 [worker-0] INFO: Scraping messages from Telegram channel: Team_Gemberry78 (Attempt 1)
2026-07-19 22:11:54,180 [main] INFO: Spawning worker 1 for channels: Seele_WW_Leak,waves_wuthering
2026-07-19 22:11:57,084 [worker-1] INFO: Scraping messages from Telegram channel: Seele_WW_Leak (Attempt 1)
2026-07-19 22:11:58,181 [worker-1] INFO: Scraping messages from Telegram channel: waves_wuthering (Attempt 1)
2026-07-19 22:11:59,978 [main] INFO: Completed full cycle. Sleeping for 300 seconds.
2026-07-19 22:16:59,978 [main] INFO: Spawning worker 0 for channels: disgramtest,Team_Gemberry78
2026-07-19 22:17:02,878 [worker-0] INFO: Scraping messages from Telegram channel: disgramtest (Attempt 1)
2026-07-19 22:17:03,884 [worker-0] INFO: Scraping messages from Telegram channel: Team_Gemberry78 (Attempt 1)
2026-07-19 22:17:05,882 [main] INFO: Spawning worker 1 for channels: Seele_WW_Leak,waves_wuthering
2026-07-19 22:17:09,188 [worker-1] INFO: Scraping messages from Telegram channel: Seele_WW_Leak (Attempt 1)
2026-07-19 22:17:10,287 [worker-1] INFO: Scraping messages from Telegram channel: waves_wuthering (Attempt 1)
2026-07-19 22:17:12,579 [main] INFO: Completed full cycle. Sleeping for 300 seconds.
2026-07-19 22:22:12,579 [main] INFO: Spawning worker 0 for channels: disgramtest,Team_Gemberry78
2026-07-19 22:22:15,682 [worker-0] INFO: Scraping messages from Telegram channel: disgramtest (Attempt 1)
2026-07-19 22:22:16,488 [worker-0] INFO: Scraping messages from Telegram channel: Team_Gemberry78 (Attempt 1)
2026-07-19 22:22:20,181 [main] INFO: Spawning worker 1 for channels: Seele_WW_Leak,waves_wuthering
2026-07-19 22:22:23,277 [worker-1] INFO: Scraping messages from Telegram channel: Seele_WW_Leak (Attempt 1)
2026-07-19 22:22:24,984 [worker-1] INFO: Scraping messages from Telegram channel: waves_wuthering (Attempt 1)
2026-07-19 22:22:27,083 [main] INFO: Completed full cycle. Sleeping for 300 seconds.
2026-07-19 22:27:27,084 [main] INFO: Spawning worker 0 for channels: disgramtest,Team_Gemberry78
2026-07-19 22:27:29,780 [worker-0] INFO: Scraping messages from Telegram channel: disgramtest (Attempt 1)
2026-07-19 22:27:30,787 [worker-0] INFO: Scraping messages from Telegram channel: Team_Gemberry78 (Attempt 1)
2026-07-19 22:27:32,383 [main] INFO: Spawning worker 1 for channels: Seele_WW_Leak,waves_wuthering
2026-07-19 22:27:35,385 [worker-1] INFO: Scraping messages from Telegram channel: Seele_WW_Leak (Attempt 1)
2026-07-19 22:27:36,584 [worker-1] INFO: Scraping messages from Telegram channel: waves_wuthering (Attempt 1)
2026-07-19 22:27:38,484 [main] INFO: Completed full cycle. Sleeping for 300 seconds.
2026-07-19 22:32:38,485 [main] INFO: Spawning worker 0 for channels: disgramtest,Team_Gemberry78
2026-07-19 22:32:41,385 [worker-0] INFO: Scraping messages from Telegram channel: disgramtest (Attempt 1)
2026-07-19 22:32:42,382 [worker-0] INFO: Scraping messages from Telegram channel: Team_Gemberry78 (Attempt 1)
2026-07-19 22:32:44,176 [main] INFO: Spawning worker 1 for channels: Seele_WW_Leak,waves_wuthering
2026-07-19 22:32:46,981 [worker-1] INFO: Scraping messages from Telegram channel: Seele_WW_Leak (Attempt 1)
2026-07-19 22:32:48,181 [worker-1] INFO: Scraping messages from Telegram channel: waves_wuthering (Attempt 1)
2026-07-19 22:32:50,182 [main] INFO: Completed full cycle. Sleeping for 300 seconds.
2026-07-19 22:37:50,183 [main] INFO: Spawning worker 0 for channels: disgramtest,Team_Gemberry78
2026-07-19 22:37:53,779 [worker-0] INFO: Scraping messages from Telegram channel: disgramtest (Attempt 1)
2026-07-19 22:37:54,589 [worker-0] INFO: Scraping messages from Telegram channel: Team_Gemberry78 (Attempt 1)
2026-07-19 22:37:56,185 [main] INFO: Spawning worker 1 for channels: Seele_WW_Leak,waves_wuthering
2026-07-19 22:37:59,175 [worker-1] INFO: Scraping messages from Telegram channel: Seele_WW_Leak (Attempt 1)
2026-07-19 22:38:00,280 [worker-1] INFO: Scraping messages from Telegram channel: waves_wuthering (Attempt 1)
2026-07-19 22:38:02,391 [main] INFO: Completed full cycle. Sleeping for 300 seconds.
2026-07-19 22:43:02,392 [main] INFO: Spawning worker 0 for channels: disgramtest,Team_Gemberry78
2026-07-19 22:43:05,380 [worker-0] INFO: Scraping messages from Telegram channel: disgramtest (Attempt 1)
2026-07-19 22:43:06,387 [worker-0] INFO: Scraping messages from Telegram channel: Team_Gemberry78 (Attempt 1)
2026-07-19 22:43:08,481 [main] INFO: Spawning worker 1 for channels: Seele_WW_Leak,waves_wuthering
2026-07-19 22:43:11,689 [worker-1] INFO: Scraping messages from Telegram channel: Seele_WW_Leak (Attempt 1)
2026-07-19 22:43:12,993 [worker-1] INFO: Scraping messages from Telegram channel: waves_wuthering (Attempt 1)
2026-07-19 22:43:14,682 [main] INFO: Completed full cycle. Sleeping for 300 seconds.
2026-07-19 22:48:14,683 [main] INFO: Spawning worker 0 for channels: disgramtest,Team_Gemberry78
2026-07-19 22:48:17,577 [worker-0] INFO: Scraping messages from Telegram channel: disgramtest (Attempt 1)
2026-07-19 22:48:18,479 [worker-0] INFO: Scraping messages from Telegram channel: Team_Gemberry78 (Attempt 1)
2026-07-19 22:48:20,278 [main] INFO: Spawning worker 1 for channels: Seele_WW_Leak,waves_wuthering
2026-07-19 22:48:23,679 [worker-1] INFO: Scraping messages from Telegram channel: Seele_WW_Leak (Attempt 1)
2026-07-19 22:48:24,990 [worker-1] INFO: Scraping messages from Telegram channel: waves_wuthering (Attempt 1)
2026-07-19 22:48:27,379 [main] INFO: Completed full cycle. Sleeping for 300 seconds.
2026-07-19 22:53:27,380 [main] INFO: Spawning worker 0 for channels: disgramtest,Team_Gemberry78
2026-07-19 22:53:30,180 [worker-0] INFO: Scraping messages from Telegram channel: disgramtest (Attempt 1)
2026-07-19 22:53:31,178 [worker-0] INFO: Scraping messages from Telegram channel: Team_Gemberry78 (Attempt 1)
2026-07-19 22:53:32,976 [main] INFO: Spawning worker 1 for channels: Seele_WW_Leak,waves_wuthering
2026-07-19 22:53:35,885 [worker-1] INFO: Scraping messages from Telegram channel: Seele_WW_Leak (Attempt 1)
2026-07-19 22:53:36,977 [worker-1] INFO: Scraping messages from Telegram channel: waves_wuthering (Attempt 1)
2026-07-19 22:53:38,778 [main] INFO: Completed full cycle. Sleeping for 300 seconds.
2026-07-19 22:58:38,779 [main] INFO: Spawning worker 0 for channels: disgramtest,Team_Gemberry78
2026-07-19 22:58:41,589 [worker-0] INFO: Scraping messages from Telegram channel: disgramtest (Attempt 1)
2026-07-19 22:58:42,676 [worker-0] INFO: Scraping messages from Telegram channel: Team_Gemberry78 (Attempt 1)
2026-07-19 22:58:44,685 [main] INFO: Spawning worker 1 for channels: Seele_WW_Leak,waves_wuthering
2026-07-19 22:58:47,886 [worker-1] INFO: Scraping messages from Telegram channel: Seele_WW_Leak (Attempt 1)
2026-07-19 22:58:49,791 [worker-1] INFO: Scraping messages from Telegram channel: waves_wuthering (Attempt 1)
2026-07-19 22:58:51,586 [main] INFO: Completed full cycle. Sleeping for 300 seconds.
2026-07-19 23:03:51,586 [main] INFO: Spawning worker 0 for channels: disgramtest,Team_Gemberry78
2026-07-19 23:03:54,777 [worker-0] INFO: Scraping messages from Telegram channel: disgramtest (Attempt 1)
2026-07-19 23:03:55,877 [worker-0] INFO: Scraping messages from Telegram channel: Team_Gemberry78 (Attempt 1)
2026-07-19 23:03:57,678 [main] INFO: Spawning worker 1 for channels: Seele_WW_Leak,waves_wuthering
2026-07-19 23:04:00,486 [worker-1] INFO: Scraping messages from Telegram channel: Seele_WW_Leak (Attempt 1)
2026-07-19 23:04:01,485 [worker-1] INFO: Scraping messages from Telegram channel: waves_wuthering (Attempt 1)
2026-07-19 23:04:03,275 [main] INFO: Completed full cycle. Sleeping for 300 seconds.
2026-07-19 23:09:03,276 [main] INFO: Spawning worker 0 for channels: disgramtest,Team_Gemberry78
2026-07-19 23:09:06,284 [worker-0] INFO: Scraping messages from Telegram channel: disgramtest (Attempt 1)
2026-07-19 23:09:07,275 [worker-0] INFO: Scraping messages from Telegram channel: Team_Gemberry78 (Attempt 1)
2026-07-19 23:09:09,286 [main] INFO: Spawning worker 1 for channels: Seele_WW_Leak,waves_wuthering
2026-07-19 23:09:12,380 [worker-1] INFO: Scraping messages from Telegram channel: Seele_WW_Leak (Attempt 1)
2026-07-19 23:09:13,384 [worker-1] INFO: Scraping messages from Telegram channel: waves_wuthering (Attempt 1)
2026-07-19 23:09:15,379 [main] INFO: Completed full cycle. Sleeping for 300 seconds.
2026-07-19 23:14:15,380 [main] INFO: Spawning worker 0 for channels: disgramtest,Team_Gemberry78
2026-07-19 23:14:18,279 [worker-0] INFO: Scraping messages from Telegram channel: disgramtest (Attempt 1)
2026-07-19 23:14:19,184 [worker-0] INFO: Scraping messages from Telegram channel: Team_Gemberry78 (Attempt 1)
2026-07-19 23:14:20,783 [main] INFO: Spawning worker 1 for channels: Seele_WW_Leak,waves_wuthering
2026-07-19 23:14:23,685 [worker-1] INFO: Scraping messages from Telegram channel: Seele_WW_Leak (Attempt 1)
2026-07-19 23:14:24,881 [worker-1] INFO: Scraping messages from Telegram channel: waves_wuthering (Attempt 1)
2026-07-19 23:14:26,681 [main] INFO: Completed full cycle. Sleeping for 300 seconds.
2026-07-19 23:19:26,682 [main] INFO: Spawning worker 0 for channels: disgramtest,Team_Gemberry78
2026-07-19 23:19:29,490 [worker-0] INFO: Scraping messages from Telegram channel: disgramtest (Attempt 1)
2026-07-19 23:19:30,486 [worker-0] INFO: Scraping messages from Telegram channel: Team_Gemberry78 (Attempt 1)
2026-07-19 23:19:32,488 [main] INFO: Spawning worker 1 for channels: Seele_WW_Leak,waves_wuthering
2026-07-19 23:19:35,387 [worker-1] INFO: Scraping messages from Telegram channel: Seele_WW_Leak (Attempt 1)
2026-07-19 23:19:37,381 [worker-1] INFO: Scraping messages from Telegram channel: waves_wuthering (Attempt 1)
2026-07-19 23:19:39,475 [main] INFO: Completed full cycle. Sleeping for 300 seconds.
2026-07-19 23:24:39,476 [main] INFO: Spawning worker 0 for channels: disgramtest,Team_Gemberry78
2026-07-19 23:24:42,588 [worker-0] INFO: Scraping messages from Telegram channel: disgramtest (Attempt 1)
2026-07-19 23:24:43,691 [worker-0] INFO: Scraping messages from Telegram channel: Team_Gemberry78 (Attempt 1)
2026-07-19 23:24:45,791 [main] INFO: Spawning worker 1 for channels: Seele_WW_Leak,waves_wuthering
2026-07-19 23:24:49,082 [worker-1] INFO: Scraping messages from Telegram channel: Seele_WW_Leak (Attempt 1)
2026-07-19 23:24:50,575 [worker-1] INFO: Scraping messages from Telegram channel: waves_wuthering (Attempt 1)
2026-07-19 23:24:52,686 [main] INFO: Completed full cycle. Sleeping for 300 seconds.
2026-07-19 23:29:52,687 [main] INFO: Spawning worker 0 for channels: disgramtest,Team_Gemberry78
2026-07-19 23:29:56,082 [worker-0] INFO: Scraping messages from Telegram channel: disgramtest (Attempt 1)
2026-07-19 23:29:58,088 [worker-0] INFO: Scraping messages from Telegram channel: Team_Gemberry78 (Attempt 1)
2026-07-19 23:29:59,887 [main] INFO: Spawning worker 1 for channels: Seele_WW_Leak,waves_wuthering
2026-07-19 23:30:03,183 [worker-1] INFO: Scraping messages from Telegram channel: Seele_WW_Leak (Attempt 1)
2026-07-19 23:30:04,179 [worker-1] INFO: Scraping messages from Telegram channel: waves_wuthering (Attempt 1)
2026-07-19 23:30:06,277 [main] INFO: Completed full cycle. Sleeping for 300 seconds.
2026-07-19 23:35:06,278 [main] INFO: Spawning worker 0 for channels: disgramtest,Team_Gemberry78
2026-07-19 23:35:09,376 [worker-0] INFO: Scraping messages from Telegram channel: disgramtest (Attempt 1)
2026-07-19 23:35:10,187 [worker-0] INFO: Scraping messages from Telegram channel: Team_Gemberry78 (Attempt 1)
2026-07-19 23:35:11,877 [main] INFO: Spawning worker 1 for channels: Seele_WW_Leak,waves_wuthering
2026-07-19 23:35:15,388 [worker-1] INFO: Scraping messages from Telegram channel: Seele_WW_Leak (Attempt 1)
2026-07-19 23:35:16,589 [worker-1] INFO: Scraping messages from Telegram channel: waves_wuthering (Attempt 1)
2026-07-19 23:35:18,375 [main] INFO: Completed full cycle. Sleeping for 300 seconds.
2026-07-19 23:40:18,376 [main] INFO: Spawning worker 0 for channels: disgramtest,Team_Gemberry78
2026-07-19 23:40:21,382 [worker-0] INFO: Scraping messages from Telegram channel: disgramtest (Attempt 1)
2026-07-19 23:40:22,188 [worker-0] INFO: Scraping messages from Telegram channel: Team_Gemberry78 (Attempt 1)
2026-07-19 23:40:23,977 [main] INFO: Spawning worker 1 for channels: Seele_WW_Leak,waves_wuthering
2026-07-19 23:40:27,186 [worker-1] INFO: Scraping messages from Telegram channel: Seele_WW_Leak (Attempt 1)
2026-07-19 23:40:28,376 [worker-1] INFO: Scraping messages from Telegram channel: waves_wuthering (Attempt 1)
2026-07-19 23:40:30,179 [main] INFO: Completed full cycle. Sleeping for 300 seconds.
2026-07-19 23:45:30,180 [main] INFO: Spawning worker 0 for channels: disgramtest,Team_Gemberry78
2026-07-19 23:45:33,182 [worker-0] INFO: Scraping messages from Telegram channel: disgramtest (Attempt 1)
2026-07-19 23:45:34,178 [worker-0] INFO: Scraping messages from Telegram channel: Team_Gemberry78 (Attempt 1)
2026-07-19 23:45:35,977 [main] INFO: Spawning worker 1 for channels: Seele_WW_Leak,waves_wuthering
2026-07-19 23:45:39,375 [worker-1] INFO: Scraping messages from Telegram channel: Seele_WW_Leak (Attempt 1)
2026-07-19 23:45:40,487 [worker-1] INFO: Scraping messages from Telegram channel: waves_wuthering (Attempt 1)
2026-07-19 23:45:42,688 [main] INFO: Completed full cycle. Sleeping for 300 seconds.
2026-07-19 23:50:42,689 [main] INFO: Spawning worker 0 for channels: disgramtest,Team_Gemberry78
2026-07-19 23:50:45,683 [worker-0] INFO: Scraping messages from Telegram channel: disgramtest (Attempt 1)
2026-07-19 23:50:46,588 [worker-0] INFO: Scraping messages from Telegram channel: Team_Gemberry78 (Attempt 1)
2026-07-19 23:50:48,383 [main] INFO: Spawning worker 1 for channels: Seele_WW_Leak,waves_wuthering
2026-07-19 23:50:51,581 [worker-1] INFO: Scraping messages from Telegram channel: Seele_WW_Leak (Attempt 1)
2026-07-19 23:50:52,685 [worker-1] INFO: Scraping messages from Telegram channel: waves_wuthering (Attempt 1)
2026-07-19 23:50:54,686 [main] INFO: Completed full cycle. Sleeping for 300 seconds.
2026-07-19 23:55:54,687 [main] INFO: Spawning worker 0 for channels: disgramtest,Team_Gemberry78
2026-07-19 23:55:58,077 [worker-0] INFO: Scraping messages from Telegram channel: disgramtest (Attempt 1)
2026-07-19 23:55:59,089 [worker-0] INFO: Scraping messages from Telegram channel: Team_Gemberry78 (Attempt 1)
2026-07-19 23:56:00,989 [main] INFO: Spawning worker 1 for channels: Seele_WW_Leak,waves_wuthering
2026-07-19 23:56:04,089 [worker-1] INFO: Scraping messages from Telegram channel: Seele_WW_Leak (Attempt 1)
2026-07-19 23:56:05,481 [worker-1] INFO: Scraping messages from Telegram channel: waves_wuthering (Attempt 1)
2026-07-19 23:56:07,380 [main] INFO: Completed full cycle. Sleeping for 300 seconds.
2026-07-20 00:01:07,380 [main] INFO: Spawning worker 0 for channels: disgramtest,Team_Gemberry78
2026-07-20 00:01:10,378 [worker-0] INFO: Scraping messages from Telegram channel: disgramtest (Attempt 1)
2026-07-20 00:01:11,189 [worker-0] INFO: Scraping messages from Telegram channel: Team_Gemberry78 (Attempt 1)
2026-07-20 00:01:13,176 [main] INFO: Spawning worker 1 for channels: Seele_WW_Leak,waves_wuthering
2026-07-20 00:01:16,179 [worker-1] INFO: Scraping messages from Telegram channel: Seele_WW_Leak (Attempt 1)
2026-07-20 00:01:17,286 [worker-1] INFO: Scraping messages from Telegram channel: waves_wuthering (Attempt 1)
2026-07-20 00:01:19,578 [main] INFO: Completed full cycle. Sleeping for 300 seconds.
2026-07-20 00:04:28,943 [main] INFO: Background commit triggered by scheduled, committing log changes...
2026-07-20 00:04:36,298 [main] INFO: Successfully generated new GitHub App installation token
2026-07-20 00:04:36,304 [main] INFO: Git authentication configured for repository: SimpNick6703/Disgram.git
2026-07-20 00:04:38,128 [main] INFO: Log files to be committed: Disgram.log
2026-07-20 00:06:03,415 [main] INFO: Successfully pulled latest repository state
2026-07-20 00:06:03,416 [main] INFO: Repository updated with latest changes
2026-07-20 00:06:03,417 [main] INFO: Chunked 4 channels into 2 worker groups
2026-07-20 00:06:03,422 [main] INFO: Starting Waitress WSGI server on port 10000...
2026-07-20 00:06:03,422 [main] INFO: Disgram bot is running with health check endpoint.
2026-07-20 00:06:03,434 [main] INFO: Spawning worker 0 for channels: disgramtest,Team_Gemberry78
2026-07-20 00:06:03,516 [main] INFO: Serving on http://0.0.0.0:10000
2026-07-20 00:06:09,413 [worker-0] INFO: Scraping messages from Telegram channel: disgramtest (Attempt 1)
2026-07-20 00:06:11,213 [worker-0] INFO: Scraping messages from Telegram channel: Team_Gemberry78 (Attempt 1)
2026-07-20 00:06:18,712 [main] INFO: Spawning worker 1 for channels: Seele_WW_Leak,waves_wuthering
2026-07-20 00:06:24,713 [worker-1] INFO: Scraping messages from Telegram channel: Seele_WW_Leak (Attempt 1)
2026-07-20 00:06:25,813 [main] WARNING: Task queue depth is 1
2026-07-20 00:06:27,214 [worker-1] INFO: Scraping messages from Telegram channel: waves_wuthering (Attempt 1)
2026-07-20 00:06:29,109 [main] INFO: cryptg detected, it will be used for encryption
2026-07-20 00:06:31,010 [main] INFO: Completed full cycle. Sleeping for 300 seconds.
2026-07-20 00:06:33,116 [main] INFO: Connecting to 91.108.56.190:443/TcpFull...
2026-07-20 00:06:33,120 [main] INFO: Connection to 91.108.56.190:443/TcpFull complete!
2026-07-20 00:06:33,183 [main] INFO: Telethon connected successfully to DC 5 at 91.108.56.190
2026-07-20 00:11:31,011 [main] INFO: Spawning worker 0 for channels: disgramtest,Team_Gemberry78
2026-07-20 00:11:34,115 [worker-0] INFO: Scraping messages from Telegram channel: disgramtest (Attempt 1)
2026-07-20 00:11:35,223 [worker-0] INFO: Scraping messages from Telegram channel: Team_Gemberry78 (Attempt 1)
2026-07-20 00:11:37,214 [main] INFO: Spawning worker 1 for channels: Seele_WW_Leak,waves_wuthering
2026-07-20 00:11:40,212 [worker-1] INFO: Scraping messages from Telegram channel: Seele_WW_Leak (Attempt 1)
2026-07-20 00:11:42,214 [worker-1] INFO: Scraping messages from Telegram channel: waves_wuthering (Attempt 1)
2026-07-20 00:11:44,015 [main] INFO: Completed full cycle. Sleeping for 300 seconds.
2026-07-20 00:16:44,016 [main] INFO: Spawning worker 0 for channels: disgramtest,Team_Gemberry78
2026-07-20 00:16:47,016 [worker-0] INFO: Scraping messages from Telegram channel: disgramtest (Attempt 1)
2026-07-20 00:16:47,914 [worker-0] INFO: Scraping messages from Telegram channel: Team_Gemberry78 (Attempt 1)
2026-07-20 00:16:50,124 [main] INFO: Spawning worker 1 for channels: Seele_WW_Leak,waves_wuthering
2026-07-20 00:16:53,210 [worker-1] INFO: Scraping messages from Telegram channel: Seele_WW_Leak (Attempt 1)
2026-07-20 00:16:54,417 [worker-1] INFO: Scraping messages from Telegram channel: waves_wuthering (Attempt 1)
2026-07-20 00:16:56,323 [main] INFO: Completed full cycle. Sleeping for 300 seconds.
2026-07-20 00:21:56,324 [main] INFO: Spawning worker 0 for channels: disgramtest,Team_Gemberry78
2026-07-20 00:21:59,612 [worker-0] INFO: Scraping messages from Telegram channel: disgramtest (Attempt 1)
2026-07-20 00:22:00,624 [worker-0] INFO: Scraping messages from Telegram channel: Team_Gemberry78 (Attempt 1)
2026-07-20 00:22:02,718 [main] INFO: Spawning worker 1 for channels: Seele_WW_Leak,waves_wuthering
2026-07-20 00:22:05,716 [worker-1] INFO: Scraping messages from Telegram channel: Seele_WW_Leak (Attempt 1)
2026-07-20 00:22:07,412 [worker-1] INFO: Scraping messages from Telegram channel: waves_wuthering (Attempt 1)
2026-07-20 00:22:09,217 [main] INFO: Completed full cycle. Sleeping for 300 seconds.
2026-07-20 00:27:09,218 [main] INFO: Spawning worker 0 for channels: disgramtest,Team_Gemberry78
2026-07-20 00:27:12,419 [worker-0] INFO: Scraping messages from Telegram channel: disgramtest (Attempt 1)
2026-07-20 00:27:13,417 [worker-0] INFO: Scraping messages from Telegram channel: Team_Gemberry78 (Attempt 1)
2026-07-20 00:27:16,023 [main] INFO: Spawning worker 1 for channels: Seele_WW_Leak,waves_wuthering
2026-07-20 00:27:19,421 [worker-1] INFO: Scraping messages from Telegram channel: Seele_WW_Leak (Attempt 1)
2026-07-20 00:27:20,715 [worker-1] INFO: Scraping messages from Telegram channel: waves_wuthering (Attempt 1)
2026-07-20 00:27:23,222 [main] INFO: Completed full cycle. Sleeping for 300 seconds.
2026-07-20 00:32:23,225 [main] INFO: Spawning worker 0 for channels: disgramtest,Team_Gemberry78
2026-07-20 00:32:26,421 [worker-0] INFO: Scraping messages from Telegram channel: disgramtest (Attempt 1)
2026-07-20 00:32:27,515 [worker-0] INFO: Scraping messages from Telegram channel: Team_Gemberry78 (Attempt 1)
2026-07-20 00:32:29,414 [main] INFO: Spawning worker 1 for channels: Seele_WW_Leak,waves_wuthering
2026-07-20 00:32:33,027 [worker-1] INFO: Scraping messages from Telegram channel: Seele_WW_Leak (Attempt 1)
2026-07-20 00:32:34,515 [worker-1] INFO: Scraping messages from Telegram channel: waves_wuthering (Attempt 1)
2026-07-20 00:32:36,914 [main] INFO: Completed full cycle. Sleeping for 300 seconds.
2026-07-20 00:37:36,916 [main] INFO: Spawning worker 0 for channels: disgramtest,Team_Gemberry78
2026-07-20 00:37:40,212 [worker-0] INFO: Scraping messages from Telegram channel: disgramtest (Attempt 1)
2026-07-20 00:37:41,812 [worker-0] INFO: Scraping messages from Telegram channel: Team_Gemberry78 (Attempt 1)
2026-07-20 00:37:43,923 [main] INFO: Spawning worker 1 for channels: Seele_WW_Leak,waves_wuthering
2026-07-20 00:37:47,721 [worker-1] INFO: Scraping messages from Telegram channel: Seele_WW_Leak (Attempt 1)
2026-07-20 00:37:48,918 [worker-1] INFO: Scraping messages from Telegram channel: waves_wuthering (Attempt 1)
2026-07-20 00:37:51,020 [main] INFO: Completed full cycle. Sleeping for 300 seconds.
2026-07-20 00:42:51,021 [main] INFO: Spawning worker 0 for channels: disgramtest,Team_Gemberry78
2026-07-20 00:42:54,214 [worker-0] INFO: Scraping messages from Telegram channel: disgramtest (Attempt 1)
2026-07-20 00:42:55,121 [worker-0] INFO: Scraping messages from Telegram channel: Team_Gemberry78 (Attempt 1)
2026-07-20 00:42:57,614 [main] INFO: Spawning worker 1 for channels: Seele_WW_Leak,waves_wuthering
2026-07-20 00:43:01,414 [worker-1] INFO: Scraping messages from Telegram channel: Seele_WW_Leak (Attempt 1)
2026-07-20 00:43:02,413 [worker-1] INFO: Scraping messages from Telegram channel: waves_wuthering (Attempt 1)
2026-07-20 00:43:04,516 [main] INFO: Completed full cycle. Sleeping for 300 seconds.
2026-07-20 00:48:04,517 [main] INFO: Spawning worker 0 for channels: disgramtest,Team_Gemberry78
2026-07-20 00:48:07,728 [worker-0] INFO: Scraping messages from Telegram channel: disgramtest (Attempt 1)
2026-07-20 00:48:08,820 [worker-0] INFO: Scraping messages from Telegram channel: Team_Gemberry78 (Attempt 1)
2026-07-20 00:48:11,030 [main] INFO: Spawning worker 1 for channels: Seele_WW_Leak,waves_wuthering
2026-07-20 00:48:14,916 [worker-1] INFO: Scraping messages from Telegram channel: Seele_WW_Leak (Attempt 1)
2026-07-20 00:48:16,514 [worker-1] INFO: Scraping messages from Telegram channel: waves_wuthering (Attempt 1)
2026-07-20 00:48:18,816 [main] INFO: Completed full cycle. Sleeping for 300 seconds.
2026-07-20 00:53:18,817 [main] INFO: Spawning worker 0 for channels: disgramtest,Team_Gemberry78
2026-07-20 00:53:22,116 [worker-0] INFO: Scraping messages from Telegram channel: disgramtest (Attempt 1)
2026-07-20 00:53:23,120 [worker-0] INFO: Scraping messages from Telegram channel: Team_Gemberry78 (Attempt 1)
2026-07-20 00:53:25,320 [main] INFO: Spawning worker 1 for channels: Seele_WW_Leak,waves_wuthering
2026-07-20 00:53:29,113 [worker-1] INFO: Scraping messages from Telegram channel: Seele_WW_Leak (Attempt 1)
2026-07-20 00:53:30,114 [worker-1] INFO: Scraping messages from Telegram channel: waves_wuthering (Attempt 1)
2026-07-20 00:53:32,019 [main] INFO: Completed full cycle. Sleeping for 300 seconds.
2026-07-20 00:58:32,020 [main] INFO: Spawning worker 0 for channels: disgramtest,Team_Gemberry78
2026-07-20 00:58:35,021 [worker-0] INFO: Scraping messages from Telegram channel: disgramtest (Attempt 1)
2026-07-20 00:58:36,020 [worker-0] INFO: Scraping messages from Telegram channel: Team_Gemberry78 (Attempt 1)
2026-07-20 00:58:38,426 [main] INFO: Spawning worker 1 for channels: Seele_WW_Leak,waves_wuthering
2026-07-20 00:58:42,010 [worker-1] INFO: Scraping messages from Telegram channel: Seele_WW_Leak (Attempt 1)
2026-07-20 00:58:43,116 [worker-1] INFO: Scraping messages from Telegram channel: waves_wuthering (Attempt 1)
2026-07-20 00:58:44,824 [main] INFO: Completed full cycle. Sleeping for 300 seconds.
2026-07-20 01:03:44,825 [main] INFO: Spawning worker 0 for channels: disgramtest,Team_Gemberry78
2026-07-20 01:03:47,709 [worker-0] INFO: Scraping messages from Telegram channel: disgramtest (Attempt 1)
2026-07-20 01:03:48,611 [worker-0] INFO: Scraping messages from Telegram channel: Team_Gemberry78 (Attempt 1)
2026-07-20 01:03:50,518 [main] INFO: Spawning worker 1 for channels: Seele_WW_Leak,waves_wuthering
2026-07-20 01:03:54,029 [worker-1] INFO: Scraping messages from Telegram channel: Seele_WW_Leak (Attempt 1)
2026-07-20 01:03:55,413 [worker-1] INFO: Scraping messages from Telegram channel: waves_wuthering (Attempt 1)
2026-07-20 01:03:57,523 [main] INFO: Completed full cycle. Sleeping for 300 seconds.
2026-07-20 01:08:57,523 [main] INFO: Spawning worker 0 for channels: disgramtest,Team_Gemberry78
2026-07-20 01:09:00,521 [worker-0] INFO: Scraping messages from Telegram channel: disgramtest (Attempt 1)
2026-07-20 01:09:01,619 [worker-0] INFO: Scraping messages from Telegram channel: Team_Gemberry78 (Attempt 1)
2026-07-20 01:09:03,817 [main] INFO: Spawning worker 1 for channels: Seele_WW_Leak,waves_wuthering
2026-07-20 01:09:07,218 [worker-1] INFO: Scraping messages from Telegram channel: Seele_WW_Leak (Attempt 1)
2026-07-20 01:09:08,522 [worker-1] INFO: Scraping messages from Telegram channel: waves_wuthering (Attempt 1)
2026-07-20 01:09:10,610 [main] INFO: Completed full cycle. Sleeping for 300 seconds.
2026-07-20 01:14:10,611 [main] INFO: Spawning worker 0 for channels: disgramtest,Team_Gemberry78
2026-07-20 01:14:13,815 [worker-0] INFO: Scraping messages from Telegram channel: disgramtest (Attempt 1)
2026-07-20 01:14:14,811 [worker-0] INFO: Scraping messages from Telegram channel: Team_Gemberry78 (Attempt 1)
2026-07-20 01:14:17,024 [main] INFO: Spawning worker 1 for channels: Seele_WW_Leak,waves_wuthering
2026-07-20 01:14:20,618 [worker-1] INFO: Scraping messages from Telegram channel: Seele_WW_Leak (Attempt 1)
2026-07-20 01:14:22,011 [worker-1] INFO: Scraping messages from Telegram channel: waves_wuthering (Attempt 1)
2026-07-20 01:14:24,523 [main] INFO: Completed full cycle. Sleeping for 300 seconds.
2026-07-20 01:19:24,523 [main] INFO: Spawning worker 0 for channels: disgramtest,Team_Gemberry78
2026-07-20 01:19:27,814 [worker-0] INFO: Scraping messages from Telegram channel: disgramtest (Attempt 1)
2026-07-20 01:19:28,623 [worker-0] INFO: Scraping messages from Telegram channel: Team_Gemberry78 (Attempt 1)
2026-07-20 01:19:30,722 [main] INFO: Spawning worker 1 for channels: Seele_WW_Leak,waves_wuthering
2026-07-20 01:19:33,820 [worker-1] INFO: Scraping messages from Telegram channel: Seele_WW_Leak (Attempt 1)
2026-07-20 01:19:34,821 [worker-1] INFO: Scraping messages from Telegram channel: waves_wuthering (Attempt 1)
2026-07-20 01:19:36,522 [main] INFO: Completed full cycle. Sleeping for 300 seconds.
2026-07-20 01:24:36,523 [main] INFO: Spawning worker 0 for channels: disgramtest,Team_Gemberry78
2026-07-20 01:24:39,613 [worker-0] INFO: Scraping messages from Telegram channel: disgramtest (Attempt 1)
2026-07-20 01:24:41,118 [worker-0] INFO: Scraping messages from Telegram channel: Team_Gemberry78 (Attempt 1)
2026-07-20 01:24:43,020 [main] INFO: Spawning worker 1 for channels: Seele_WW_Leak,waves_wuthering
2026-07-20 01:24:46,115 [worker-1] INFO: Scraping messages from Telegram channel: Seele_WW_Leak (Attempt 1)
2026-07-20 01:24:47,314 [worker-1] INFO: Scraping messages from Telegram channel: waves_wuthering (Attempt 1)
2026-07-20 01:24:49,819 [main] INFO: Completed full cycle. Sleeping for 300 seconds.
2026-07-20 01:29:49,819 [main] INFO: Spawning worker 0 for channels: disgramtest,Team_Gemberry78
2026-07-20 01:29:53,111 [worker-0] INFO: Scraping messages from Telegram channel: disgramtest (Attempt 1)
2026-07-20 01:29:54,023 [worker-0] INFO: Scraping messages from Telegram channel: Team_Gemberry78 (Attempt 1)
2026-07-20 01:29:56,223 [main] INFO: Spawning worker 1 for channels: Seele_WW_Leak,waves_wuthering
2026-07-20 01:29:59,621 [worker-1] INFO: Scraping messages from Telegram channel: Seele_WW_Leak (Attempt 1)
2026-07-20 01:30:00,818 [worker-1] INFO: Scraping messages from Telegram channel: waves_wuthering (Attempt 1)
2026-07-20 01:30:03,117 [main] INFO: Completed full cycle. Sleeping for 300 seconds.
2026-07-20 01:35:03,118 [main] INFO: Spawning worker 0 for channels: disgramtest,Team_Gemberry78
2026-07-20 01:35:06,310 [worker-0] INFO: Scraping messages from Telegram channel: disgramtest (Attempt 1)
2026-07-20 01:35:07,413 [worker-0] INFO: Scraping messages from Telegram channel: Team_Gemberry78 (Attempt 1)
2026-07-20 01:35:09,717 [main] INFO: Spawning worker 1 for channels: Seele_WW_Leak,waves_wuthering
2026-07-20 01:35:13,319 [worker-1] INFO: Scraping messages from Telegram channel: Seele_WW_Leak (Attempt 1)
2026-07-20 01:35:14,709 [worker-1] INFO: Scraping messages from Telegram channel: waves_wuthering (Attempt 1)
2026-07-20 01:35:17,121 [main] INFO: Completed full cycle. Sleeping for 300 seconds.
2026-07-20 01:40:17,121 [main] INFO: Spawning worker 0 for channels: disgramtest,Team_Gemberry78
2026-07-20 01:40:20,023 [worker-0] INFO: Scraping messages from Telegram channel: disgramtest (Attempt 1)
2026-07-20 01:40:21,125 [worker-0] INFO: Scraping messages from Telegram channel: Team_Gemberry78 (Attempt 1)
2026-07-20 01:40:23,521 [main] INFO: Spawning worker 1 for channels: Seele_WW_Leak,waves_wuthering
2026-07-20 01:40:26,722 [worker-1] INFO: Scraping messages from Telegram channel: Seele_WW_Leak (Attempt 1)
2026-07-20 01:40:28,011 [worker-1] INFO: Scraping messages from Telegram channel: waves_wuthering (Attempt 1)
2026-07-20 01:40:29,715 [main] INFO: Completed full cycle. Sleeping for 300 seconds.
2026-07-20 01:45:29,716 [main] INFO: Spawning worker 0 for channels: disgramtest,Team_Gemberry78
2026-07-20 01:45:33,020 [worker-0] INFO: Scraping messages from Telegram channel: disgramtest (Attempt 1)
2026-07-20 01:45:34,125 [worker-0] INFO: Scraping messages from Telegram channel: Team_Gemberry78 (Attempt 1)
2026-07-20 01:45:35,915 [main] INFO: Spawning worker 1 for channels: Seele_WW_Leak,waves_wuthering
2026-07-20 01:45:39,020 [worker-1] INFO: Scraping messages from Telegram channel: Seele_WW_Leak (Attempt 1)
2026-07-20 01:45:40,113 [worker-1] INFO: Scraping messages from Telegram channel: waves_wuthering (Attempt 1)
2026-07-20 01:45:42,923 [main] INFO: Completed full cycle. Sleeping for 300 seconds.
2026-07-20 01:50:42,923 [main] INFO: Spawning worker 0 for channels: disgramtest,Team_Gemberry78
2026-07-20 01:50:45,911 [worker-0] INFO: Scraping messages from Telegram channel: disgramtest (Attempt 1)
2026-07-20 01:50:46,817 [worker-0] INFO: Scraping messages from Telegram channel: Team_Gemberry78 (Attempt 1)
2026-07-20 01:50:48,919 [main] INFO: Spawning worker 1 for channels: Seele_WW_Leak,waves_wuthering
2026-07-20 01:50:52,222 [worker-1] INFO: Scraping messages from Telegram channel: Seele_WW_Leak (Attempt 1)
2026-07-20 01:50:53,319 [worker-1] INFO: Scraping messages from Telegram channel: waves_wuthering (Attempt 1)
2026-07-20 01:50:55,015 [main] INFO: Completed full cycle. Sleeping for 300 seconds.
2026-07-20 01:55:55,015 [main] INFO: Spawning worker 0 for channels: disgramtest,Team_Gemberry78
2026-07-20 01:55:58,614 [worker-0] INFO: Scraping messages from Telegram channel: disgramtest (Attempt 1)
2026-07-20 01:55:59,610 [worker-0] INFO: Scraping messages from Telegram channel: Team_Gemberry78 (Attempt 1)
2026-07-20 01:56:01,622 [main] INFO: Spawning worker 1 for channels: Seele_WW_Leak,waves_wuthering
2026-07-20 01:56:04,722 [worker-1] INFO: Scraping messages from Telegram channel: Seele_WW_Leak (Attempt 1)
2026-07-20 01:56:06,317 [worker-1] INFO: Scraping messages from Telegram channel: waves_wuthering (Attempt 1)
2026-07-20 01:56:09,515 [main] INFO: Completed full cycle. Sleeping for 300 seconds.
2026-07-20 02:01:09,516 [main] INFO: Spawning worker 0 for channels: disgramtest,Team_Gemberry78
2026-07-20 02:01:12,722 [worker-0] INFO: Scraping messages from Telegram channel: disgramtest (Attempt 1)
2026-07-20 02:01:13,710 [worker-0] INFO: Scraping messages from Telegram channel: Team_Gemberry78 (Attempt 1)
2026-07-20 02:01:15,413 [main] INFO: Spawning worker 1 for channels: Seele_WW_Leak,waves_wuthering
2026-07-20 02:01:18,830 [worker-1] INFO: Scraping messages from Telegram channel: Seele_WW_Leak (Attempt 1)
2026-07-20 02:01:20,314 [worker-1] INFO: Scraping messages from Telegram channel: waves_wuthering (Attempt 1)
2026-07-20 02:01:22,420 [main] INFO: Completed full cycle. Sleeping for 300 seconds.
2026-07-20 02:06:22,421 [main] INFO: Spawning worker 0 for channels: disgramtest,Team_Gemberry78
2026-07-20 02:06:25,214 [worker-0] INFO: Scraping messages from Telegram channel: disgramtest (Attempt 1)
2026-07-20 02:06:26,117 [worker-0] INFO: Scraping messages from Telegram channel: Team_Gemberry78 (Attempt 1)
2026-07-20 02:06:28,421 [main] INFO: Spawning worker 1 for channels: Seele_WW_Leak,waves_wuthering
2026-07-20 02:06:31,419 [worker-1] INFO: Scraping messages from Telegram channel: Seele_WW_Leak (Attempt 1)
2026-07-20 02:06:32,716 [worker-1] INFO: Scraping messages from Telegram channel: waves_wuthering (Attempt 1)
2026-07-20 02:06:35,228 [main] INFO: Completed full cycle. Sleeping for 300 seconds.
2026-07-20 02:11:35,229 [main] INFO: Spawning worker 0 for channels: disgramtest,Team_Gemberry78
2026-07-20 02:11:38,118 [worker-0] INFO: Scraping messages from Telegram channel: disgramtest (Attempt 1)
2026-07-20 02:11:39,120 [worker-0] INFO: Scraping messages from Telegram channel: Team_Gemberry78 (Attempt 1)
2026-07-20 02:11:41,216 [main] INFO: Spawning worker 1 for channels: Seele_WW_Leak,waves_wuthering
2026-07-20 02:11:44,222 [worker-1] INFO: Scraping messages from Telegram channel: Seele_WW_Leak (Attempt 1)
2026-07-20 02:11:45,415 [worker-1] INFO: Scraping messages from Telegram channel: waves_wuthering (Attempt 1)
2026-07-20 02:11:47,822 [main] INFO: Completed full cycle. Sleeping for 300 seconds.
2026-07-20 02:16:47,822 [main] INFO: Spawning worker 0 for channels: disgramtest,Team_Gemberry78
2026-07-20 02:16:51,112 [worker-0] INFO: Scraping messages from Telegram channel: disgramtest (Attempt 1)
2026-07-20 02:16:52,416 [worker-0] INFO: Scraping messages from Telegram channel: Team_Gemberry78 (Attempt 1)
2026-07-20 02:16:54,520 [main] INFO: Spawning worker 1 for channels: Seele_WW_Leak,waves_wuthering
2026-07-20 02:16:57,610 [worker-1] INFO: Scraping messages from Telegram channel: Seele_WW_Leak (Attempt 1)
2026-07-20 02:16:58,909 [worker-1] INFO: Scraping messages from Telegram channel: waves_wuthering (Attempt 1)
2026-07-20 02:17:01,512 [main] INFO: Completed full cycle. Sleeping for 300 seconds.
2026-07-20 02:22:01,512 [main] INFO: Spawning worker 0 for channels: disgramtest,Team_Gemberry78
2026-07-20 02:22:04,723 [worker-0] INFO: Scraping messages from Telegram channel: disgramtest (Attempt 1)
2026-07-20 02:22:05,814 [worker-0] INFO: Scraping messages from Telegram channel: Team_Gemberry78 (Attempt 1)
2026-07-20 02:22:08,218 [main] INFO: Spawning worker 1 for channels: Seele_WW_Leak,waves_wuthering
2026-07-20 02:22:11,216 [worker-1] INFO: Scraping messages from Telegram channel: Seele_WW_Leak (Attempt 1)
2026-07-20 02:22:12,516 [worker-1] INFO: Scraping messages from Telegram channel: waves_wuthering (Attempt 1)
2026-07-20 02:22:14,809 [main] INFO: Completed full cycle. Sleeping for 300 seconds.
2026-07-20 02:27:14,810 [main] INFO: Spawning worker 0 for channels: disgramtest,Team_Gemberry78
2026-07-20 02:27:17,710 [worker-0] INFO: Scraping messages from Telegram channel: disgramtest (Attempt 1)
2026-07-20 02:27:18,715 [worker-0] INFO: Scraping messages from Telegram channel: Team_Gemberry78 (Attempt 1)
2026-07-20 02:27:21,117 [main] INFO: Spawning worker 1 for channels: Seele_WW_Leak,waves_wuthering
2026-07-20 02:27:25,021 [worker-1] INFO: Scraping messages from Telegram channel: Seele_WW_Leak (Attempt 1)
2026-07-20 02:27:26,211 [worker-1] INFO: Scraping messages from Telegram channel: waves_wuthering (Attempt 1)
2026-07-20 02:27:28,318 [main] INFO: Completed full cycle. Sleeping for 300 seconds.
2026-07-20 02:32:28,318 [main] INFO: Spawning worker 0 for channels: disgramtest,Team_Gemberry78
2026-07-20 02:32:31,528 [worker-0] INFO: Scraping messages from Telegram channel: disgramtest (Attempt 1)
2026-07-20 02:32:32,710 [worker-0] INFO: Scraping messages from Telegram channel: Team_Gemberry78 (Attempt 1)
2026-07-20 02:32:35,032 [main] INFO: Spawning worker 1 for channels: Seele_WW_Leak,waves_wuthering
2026-07-20 02:32:38,111 [worker-1] INFO: Scraping messages from Telegram channel: Seele_WW_Leak (Attempt 1)
2026-07-20 02:32:39,315 [worker-1] INFO: Scraping messages from Telegram channel: waves_wuthering (Attempt 1)
2026-07-20 02:32:41,418 [main] INFO: Completed full cycle. Sleeping for 300 seconds.
2026-07-20 02:37:41,419 [main] INFO: Spawning worker 0 for channels: disgramtest,Team_Gemberry78
2026-07-20 02:37:44,416 [worker-0] INFO: Scraping messages from Telegram channel: disgramtest (Attempt 1)
2026-07-20 02:37:46,016 [worker-0] INFO: Scraping messages from Telegram channel: Team_Gemberry78 (Attempt 1)
2026-07-20 02:37:47,813 [main] INFO: Spawning worker 1 for channels: Seele_WW_Leak,waves_wuthering
2026-07-20 02:37:50,811 [worker-1] INFO: Scraping messages from Telegram channel: Seele_WW_Leak (Attempt 1)
2026-07-20 02:37:52,513 [worker-1] INFO: Scraping messages from Telegram channel: waves_wuthering (Attempt 1)
2026-07-20 02:37:54,624 [main] INFO: Completed full cycle. Sleeping for 300 seconds.
2026-07-20 02:42:54,625 [main] INFO: Spawning worker 0 for channels: disgramtest,Team_Gemberry78
2026-07-20 02:42:58,312 [worker-0] INFO: Scraping messages from Telegram channel: disgramtest (Attempt 1)
2026-07-20 02:42:59,425 [worker-0] INFO: Scraping messages from Telegram channel: Team_Gemberry78 (Attempt 1)
2026-07-20 02:43:01,520 [main] INFO: Spawning worker 1 for channels: Seele_WW_Leak,waves_wuthering
2026-07-20 02:43:05,112 [worker-1] INFO: Scraping messages from Telegram channel: Seele_WW_Leak (Attempt 1)
2026-07-20 02:43:06,717 [worker-1] INFO: Scraping messages from Telegram channel: waves_wuthering (Attempt 1)
2026-07-20 02:43:09,235 [main] INFO: Completed full cycle. Sleeping for 300 seconds.
2026-07-20 02:48:09,237 [main] INFO: Spawning worker 0 for channels: disgramtest,Team_Gemberry78
2026-07-20 02:48:12,518 [worker-0] INFO: Scraping messages from Telegram channel: disgramtest (Attempt 1)
2026-07-20 02:48:13,417 [worker-0] INFO: Scraping messages from Telegram channel: Team_Gemberry78 (Attempt 1)
2026-07-20 02:48:15,517 [main] INFO: Spawning worker 1 for channels: Seele_WW_Leak,waves_wuthering
2026-07-20 02:48:18,619 [worker-1] INFO: Scraping messages from Telegram channel: Seele_WW_Leak (Attempt 1)
2026-07-20 02:48:20,122 [worker-1] INFO: Scraping messages from Telegram channel: waves_wuthering (Attempt 1)
2026-07-20 02:48:22,512 [main] INFO: Completed full cycle. Sleeping for 300 seconds.
2026-07-20 02:53:22,513 [main] INFO: Spawning worker 0 for channels: disgramtest,Team_Gemberry78
2026-07-20 02:53:25,719 [worker-0] INFO: Scraping messages from Telegram channel: disgramtest (Attempt 1)
2026-07-20 02:53:26,720 [worker-0] INFO: Scraping messages from Telegram channel: Team_Gemberry78 (Attempt 1)
2026-07-20 02:53:28,720 [main] INFO: Spawning worker 1 for channels: Seele_WW_Leak,waves_wuthering
2026-07-20 02:53:32,122 [worker-1] INFO: Scraping messages from Telegram channel: Seele_WW_Leak (Attempt 1)
2026-07-20 02:53:33,425 [worker-1] INFO: Scraping messages from Telegram channel: waves_wuthering (Attempt 1)
2026-07-20 02:53:35,625 [main] INFO: Completed full cycle. Sleeping for 300 seconds.
2026-07-20 02:58:35,626 [main] INFO: Spawning worker 0 for channels: disgramtest,Team_Gemberry78
2026-07-20 02:58:38,719 [worker-0] INFO: Scraping messages from Telegram channel: disgramtest (Attempt 1)
2026-07-20 02:58:39,610 [worker-0] INFO: Scraping messages from Telegram channel: Team_Gemberry78 (Attempt 1)
2026-07-20 02:58:41,920 [main] INFO: Spawning worker 1 for channels: Seele_WW_Leak,waves_wuthering
2026-07-20 02:58:45,116 [worker-1] INFO: Scraping messages from Telegram channel: Seele_WW_Leak (Attempt 1)
2026-07-20 02:58:46,217 [worker-1] INFO: Scraping messages from Telegram channel: waves_wuthering (Attempt 1)
2026-07-20 02:58:47,913 [main] INFO: Completed full cycle. Sleeping for 300 seconds.
2026-07-20 03:03:47,914 [main] INFO: Spawning worker 0 for channels: disgramtest,Team_Gemberry78
2026-07-20 03:03:51,424 [worker-0] INFO: Scraping messages from Telegram channel: disgramtest (Attempt 1)
2026-07-20 03:03:52,522 [worker-0] INFO: Scraping messages from Telegram channel: Team_Gemberry78 (Attempt 1)
2026-07-20 03:03:54,911 [main] INFO: Spawning worker 1 for channels: Seele_WW_Leak,waves_wuthering
2026-07-20 03:03:58,315 [worker-1] INFO: Scraping messages from Telegram channel: Seele_WW_Leak (Attempt 1)
2026-07-20 03:03:59,522 [worker-1] INFO: Scraping messages from Telegram channel: waves_wuthering (Attempt 1)
2026-07-20 03:04:02,133 [main] INFO: Completed full cycle. Sleeping for 300 seconds.
2026-07-20 03:09:02,211 [main] INFO: Spawning worker 0 for channels: disgramtest,Team_Gemberry78
2026-07-20 03:09:05,321 [worker-0] INFO: Scraping messages from Telegram channel: disgramtest (Attempt 1)
2026-07-20 03:09:07,111 [worker-0] INFO: Scraping messages from Telegram channel: Team_Gemberry78 (Attempt 1)
2026-07-20 03:09:09,317 [main] INFO: Spawning worker 1 for channels: Seele_WW_Leak,waves_wuthering
2026-07-20 03:09:12,721 [worker-1] INFO: Scraping messages from Telegram channel: Seele_WW_Leak (Attempt 1)
2026-07-20 03:09:14,224 [worker-1] INFO: Scraping messages from Telegram channel: waves_wuthering (Attempt 1)
2026-07-20 03:09:17,114 [main] INFO: Completed full cycle. Sleeping for 300 seconds.
2026-07-20 03:14:17,115 [main] INFO: Spawning worker 0 for channels: disgramtest,Team_Gemberry78
2026-07-20 03:14:20,112 [worker-0] INFO: Scraping messages from Telegram channel: disgramtest (Attempt 1)
2026-07-20 03:14:21,221 [worker-0] INFO: Scraping messages from Telegram channel: Team_Gemberry78 (Attempt 1)
2026-07-20 03:14:23,415 [main] INFO: Spawning worker 1 for channels: Seele_WW_Leak,waves_wuthering
2026-07-20 03:14:26,516 [worker-1] INFO: Scraping messages from Telegram channel: Seele_WW_Leak (Attempt 1)
2026-07-20 03:14:27,609 [worker-1] INFO: Scraping messages from Telegram channel: waves_wuthering (Attempt 1)
2026-07-20 03:14:30,116 [main] INFO: Completed full cycle. Sleeping for 300 seconds.
2026-07-20 03:19:30,116 [main] INFO: Spawning worker 0 for channels: disgramtest,Team_Gemberry78
2026-07-20 03:19:33,316 [worker-0] INFO: Scraping messages from Telegram channel: disgramtest (Attempt 1)
2026-07-20 03:19:34,314 [worker-0] INFO: Scraping messages from Telegram channel: Team_Gemberry78 (Attempt 1)
2026-07-20 03:19:36,020 [main] INFO: Spawning worker 1 for channels: Seele_WW_Leak,waves_wuthering
2026-07-20 03:19:39,211 [worker-1] INFO: Scraping messages from Telegram channel: Seele_WW_Leak (Attempt 1)
2026-07-20 03:19:40,623 [worker-1] INFO: Scraping messages from Telegram channel: waves_wuthering (Attempt 1)
2026-07-20 03:19:43,327 [main] INFO: Completed full cycle. Sleeping for 300 seconds.
2026-07-20 03:24:43,328 [main] INFO: Spawning worker 0 for channels: disgramtest,Team_Gemberry78
2026-07-20 03:24:46,421 [worker-0] INFO: Scraping messages from Telegram channel: disgramtest (Attempt 1)
2026-07-20 03:24:47,511 [worker-0] INFO: Scraping messages from Telegram channel: Team_Gemberry78 (Attempt 1)
2026-07-20 03:24:50,021 [main] INFO: Spawning worker 1 for channels: Seele_WW_Leak,waves_wuthering
2026-07-20 03:24:54,011 [worker-1] INFO: Scraping messages from Telegram channel: Seele_WW_Leak (Attempt 1)
2026-07-20 03:24:55,210 [worker-1] INFO: Scraping messages from Telegram channel: waves_wuthering (Attempt 1)
2026-07-20 03:24:58,721 [main] INFO: Completed full cycle. Sleeping for 300 seconds.
2026-07-20 03:29:58,722 [main] INFO: Spawning worker 0 for channels: disgramtest,Team_Gemberry78
2026-07-20 03:30:01,914 [worker-0] INFO: Scraping messages from Telegram channel: disgramtest (Attempt 1)
2026-07-20 03:30:02,820 [worker-0] INFO: Scraping messages from Telegram channel: Team_Gemberry78 (Attempt 1)
2026-07-20 03:30:05,314 [main] INFO: Spawning worker 1 for channels: Seele_WW_Leak,waves_wuthering
2026-07-20 03:30:08,712 [worker-1] INFO: Scraping messages from Telegram channel: Seele_WW_Leak (Attempt 1)
2026-07-20 03:30:09,921 [worker-1] INFO: Scraping messages from Telegram channel: waves_wuthering (Attempt 1)
2026-07-20 03:30:12,218 [main] INFO: Completed full cycle. Sleeping for 300 seconds.
2026-07-20 03:35:12,219 [main] INFO: Spawning worker 0 for channels: disgramtest,Team_Gemberry78
2026-07-20 03:35:15,323 [worker-0] INFO: Scraping messages from Telegram channel: disgramtest (Attempt 1)
2026-07-20 03:35:16,313 [worker-0] INFO: Scraping messages from Telegram channel: Team_Gemberry78 (Attempt 1)
2026-07-20 03:35:18,721 [main] INFO: Spawning worker 1 for channels: Seele_WW_Leak,waves_wuthering
2026-07-20 03:35:22,110 [worker-1] INFO: Scraping messages from Telegram channel: Seele_WW_Leak (Attempt 1)
2026-07-20 03:35:23,210 [worker-1] INFO: Scraping messages from Telegram channel: waves_wuthering (Attempt 1)
2026-07-20 03:35:25,418 [main] INFO: Completed full cycle. Sleeping for 300 seconds.
2026-07-20 03:40:25,418 [main] INFO: Spawning worker 0 for channels: disgramtest,Team_Gemberry78
2026-07-20 03:40:29,019 [worker-0] INFO: Scraping messages from Telegram channel: disgramtest (Attempt 1)
2026-07-20 03:40:30,018 [worker-0] INFO: Scraping messages from Telegram channel: Team_Gemberry78 (Attempt 1)
2026-07-20 03:40:32,213 [main] INFO: Spawning worker 1 for channels: Seele_WW_Leak,waves_wuthering
2026-07-20 03:40:35,525 [worker-1] INFO: Scraping messages from Telegram channel: Seele_WW_Leak (Attempt 1)
2026-07-20 03:40:36,911 [worker-1] INFO: Scraping messages from Telegram channel: waves_wuthering (Attempt 1)
2026-07-20 03:40:39,222 [main] INFO: Completed full cycle. Sleeping for 300 seconds.
2026-07-20 03:45:39,223 [main] INFO: Spawning worker 0 for channels: disgramtest,Team_Gemberry78
2026-07-20 03:45:43,115 [worker-0] INFO: Scraping messages from Telegram channel: disgramtest (Attempt 1)
2026-07-20 03:45:44,213 [worker-0] INFO: Scraping messages from Telegram channel: Team_Gemberry78 (Attempt 1)
2026-07-20 03:45:46,336 [main] INFO: Spawning worker 1 for channels: Seele_WW_Leak,waves_wuthering
2026-07-20 03:45:50,021 [worker-1] INFO: Scraping messages from Telegram channel: Seele_WW_Leak (Attempt 1)
2026-07-20 03:45:51,424 [worker-1] INFO: Scraping messages from Telegram channel: waves_wuthering (Attempt 1)
2026-07-20 03:45:54,026 [main] INFO: Completed full cycle. Sleeping for 300 seconds.
2026-07-20 03:50:54,026 [main] INFO: Spawning worker 0 for channels: disgramtest,Team_Gemberry78
2026-07-20 03:50:57,312 [worker-0] INFO: Scraping messages from Telegram channel: disgramtest (Attempt 1)
2026-07-20 03:50:58,514 [worker-0] INFO: Scraping messages from Telegram channel: Team_Gemberry78 (Attempt 1)
2026-07-20 03:51:00,521 [main] INFO: Spawning worker 1 for channels: Seele_WW_Leak,waves_wuthering
2026-07-20 03:51:04,113 [worker-1] INFO: Scraping messages from Telegram channel: Seele_WW_Leak (Attempt 1)
2026-07-20 03:51:05,513 [worker-1] INFO: Scraping messages from Telegram channel: waves_wuthering (Attempt 1)
2026-07-20 03:51:07,818 [main] INFO: Completed full cycle. Sleeping for 300 seconds.
2026-07-20 03:56:07,819 [main] INFO: Spawning worker 0 for channels: disgramtest,Team_Gemberry78
2026-07-20 03:56:11,226 [worker-0] INFO: Scraping messages from Telegram channel: disgramtest (Attempt 1)
2026-07-20 03:56:12,218 [worker-0] INFO: Scraping messages from Telegram channel: Team_Gemberry78 (Attempt 1)
2026-07-20 03:56:14,423 [main] INFO: Spawning worker 1 for channels: Seele_WW_Leak,waves_wuthering
2026-07-20 03:56:17,820 [worker-1] INFO: Scraping messages from Telegram channel: Seele_WW_Leak (Attempt 1)
2026-07-20 03:56:19,121 [worker-1] INFO: Scraping messages from Telegram channel: waves_wuthering (Attempt 1)
2026-07-20 03:56:21,014 [main] INFO: Completed full cycle. Sleeping for 300 seconds.
2026-07-20 04:01:21,015 [main] INFO: Spawning worker 0 for channels: disgramtest,Team_Gemberry78
2026-07-20 04:01:24,211 [worker-0] INFO: Scraping messages from Telegram channel: disgramtest (Attempt 1)
2026-07-20 04:01:25,116 [worker-0] INFO: Scraping messages from Telegram channel: Team_Gemberry78 (Attempt 1)
2026-07-20 04:01:27,213 [main] INFO: Spawning worker 1 for channels: Seele_WW_Leak,waves_wuthering
2026-07-20 04:01:30,520 [worker-1] INFO: Scraping messages from Telegram channel: Seele_WW_Leak (Attempt 1)
2026-07-20 04:01:31,712 [worker-1] INFO: Scraping messages from Telegram channel: waves_wuthering (Attempt 1)
2026-07-20 04:01:33,523 [main] INFO: Completed full cycle. Sleeping for 300 seconds.
2026-07-20 04:06:33,609 [main] INFO: Spawning worker 0 for channels: disgramtest,Team_Gemberry78
2026-07-20 04:06:36,519 [worker-0] INFO: Scraping messages from Telegram channel: disgramtest (Attempt 1)
2026-07-20 04:06:37,323 [worker-0] INFO: Scraping messages from Telegram channel: Team_Gemberry78 (Attempt 1)
2026-07-20 04:06:39,324 [main] INFO: Spawning worker 1 for channels: Seele_WW_Leak,waves_wuthering
2026-07-20 04:06:42,817 [worker-1] INFO: Scraping messages from Telegram channel: Seele_WW_Leak (Attempt 1)
2026-07-20 04:06:44,116 [worker-1] INFO: Scraping messages from Telegram channel: waves_wuthering (Attempt 1)
2026-07-20 04:06:46,111 [main] INFO: Completed full cycle. Sleeping for 300 seconds.
2026-07-20 04:11:46,112 [main] INFO: Spawning worker 0 for channels: disgramtest,Team_Gemberry78
2026-07-20 04:11:49,320 [worker-0] INFO: Scraping messages from Telegram channel: disgramtest (Attempt 1)
2026-07-20 04:11:50,313 [worker-0] INFO: Scraping messages from Telegram channel: Team_Gemberry78 (Attempt 1)
2026-07-20 04:11:52,214 [main] INFO: Spawning worker 1 for channels: Seele_WW_Leak,waves_wuthering
2026-07-20 04:11:55,120 [worker-1] INFO: Scraping messages from Telegram channel: Seele_WW_Leak (Attempt 1)
2026-07-20 04:11:56,315 [worker-1] INFO: Scraping messages from Telegram channel: waves_wuthering (Attempt 1)
2026-07-20 04:11:58,915 [main] INFO: Completed full cycle. Sleeping for 300 seconds.
2026-07-20 04:16:58,915 [main] INFO: Spawning worker 0 for channels: disgramtest,Team_Gemberry78
2026-07-20 04:17:01,915 [worker-0] INFO: Scraping messages from Telegram channel: disgramtest (Attempt 1)
2026-07-20 04:17:03,416 [worker-0] INFO: Scraping messages from Telegram channel: Team_Gemberry78 (Attempt 1)
2026-07-20 04:17:05,619 [main] INFO: Spawning worker 1 for channels: Seele_WW_Leak,waves_wuthering
2026-07-20 04:17:08,818 [worker-1] INFO: Scraping messages from Telegram channel: Seele_WW_Leak (Attempt 1)
2026-07-20 04:17:10,112 [worker-1] INFO: Scraping messages from Telegram channel: waves_wuthering (Attempt 1)
2026-07-20 04:17:12,317 [main] INFO: Completed full cycle. Sleeping for 300 seconds.
2026-07-20 04:22:12,318 [main] INFO: Spawning worker 0 for channels: disgramtest,Team_Gemberry78
2026-07-20 04:22:15,409 [worker-0] INFO: Scraping messages from Telegram channel: disgramtest (Attempt 1)
2026-07-20 04:22:16,511 [worker-0] INFO: Scraping messages from Telegram channel: Team_Gemberry78 (Attempt 1)
2026-07-20 04:22:18,222 [main] INFO: Spawning worker 1 for channels: Seele_WW_Leak,waves_wuthering
2026-07-20 04:22:21,414 [worker-1] INFO: Scraping messages from Telegram channel: Seele_WW_Leak (Attempt 1)
2026-07-20 04:22:23,115 [worker-1] INFO: Scraping messages from Telegram channel: waves_wuthering (Attempt 1)
2026-07-20 04:22:25,124 [main] INFO: Completed full cycle. Sleeping for 300 seconds.
2026-07-20 04:27:25,125 [main] INFO: Spawning worker 0 for channels: disgramtest,Team_Gemberry78
2026-07-20 04:27:28,316 [worker-0] INFO: Scraping messages from Telegram channel: disgramtest (Attempt 1)
2026-07-20 04:27:29,414 [worker-0] INFO: Scraping messages from Telegram channel: Team_Gemberry78 (Attempt 1)
2026-07-20 04:27:31,919 [main] INFO: Spawning worker 1 for channels: Seele_WW_Leak,waves_wuthering
2026-07-20 04:27:35,014 [worker-1] INFO: Scraping messages from Telegram channel: Seele_WW_Leak (Attempt 1)
2026-07-20 04:27:36,014 [worker-1] INFO: Scraping messages from Telegram channel: waves_wuthering (Attempt 1)
2026-07-20 04:27:38,109 [main] INFO: Completed full cycle. Sleeping for 300 seconds.
2026-07-20 04:32:38,110 [main] INFO: Spawning worker 0 for channels: disgramtest,Team_Gemberry78
2026-07-20 04:32:41,122 [worker-0] INFO: Scraping messages from Telegram channel: disgramtest (Attempt 1)
2026-07-20 04:32:42,123 [worker-0] INFO: Scraping messages from Telegram channel: Team_Gemberry78 (Attempt 1)
2026-07-20 04:32:44,215 [main] INFO: Spawning worker 1 for channels: Seele_WW_Leak,waves_wuthering
2026-07-20 04:32:47,518 [worker-1] INFO: Scraping messages from Telegram channel: Seele_WW_Leak (Attempt 1)
2026-07-20 04:32:48,612 [worker-1] INFO: Scraping messages from Telegram channel: waves_wuthering (Attempt 1)
2026-07-20 04:32:50,522 [main] INFO: Completed full cycle. Sleeping for 300 seconds.
2026-07-20 04:37:50,523 [main] INFO: Spawning worker 0 for channels: disgramtest,Team_Gemberry78
2026-07-20 04:37:53,519 [worker-0] INFO: Scraping messages from Telegram channel: disgramtest (Attempt 1)
2026-07-20 04:37:54,416 [worker-0] INFO: Scraping messages from Telegram channel: Team_Gemberry78 (Attempt 1)
2026-07-20 04:37:56,415 [main] INFO: Spawning worker 1 for channels: Seele_WW_Leak,waves_wuthering
2026-07-20 04:37:59,623 [worker-1] INFO: Scraping messages from Telegram channel: Seele_WW_Leak (Attempt 1)
2026-07-20 04:38:01,015 [worker-1] INFO: Scraping messages from Telegram channel: waves_wuthering (Attempt 1)
2026-07-20 04:38:03,220 [main] INFO: Completed full cycle. Sleeping for 300 seconds.
2026-07-20 04:43:03,221 [main] INFO: Spawning worker 0 for channels: disgramtest,Team_Gemberry78
2026-07-20 04:43:06,122 [worker-0] INFO: Scraping messages from Telegram channel: disgramtest (Attempt 1)
2026-07-20 04:43:07,111 [worker-0] INFO: Scraping messages from Telegram channel: Team_Gemberry78 (Attempt 1)
2026-07-20 04:43:09,009 [main] INFO: Spawning worker 1 for channels: Seele_WW_Leak,waves_wuthering
2026-07-20 04:43:12,123 [worker-1] INFO: Scraping messages from Telegram channel: Seele_WW_Leak (Attempt 1)
2026-07-20 04:43:13,221 [worker-1] INFO: Scraping messages from Telegram channel: waves_wuthering (Attempt 1)
2026-07-20 04:43:15,217 [main] INFO: Completed full cycle. Sleeping for 300 seconds.
2026-07-20 04:48:15,218 [main] INFO: Spawning worker 0 for channels: disgramtest,Team_Gemberry78
2026-07-20 04:48:18,321 [worker-0] INFO: Scraping messages from Telegram channel: disgramtest (Attempt 1)
2026-07-20 04:48:19,411 [worker-0] INFO: Scraping messages from Telegram channel: Team_Gemberry78 (Attempt 1)
2026-07-20 04:48:21,210 [main] INFO: Spawning worker 1 for channels: Seele_WW_Leak,waves_wuthering
2026-07-20 04:48:24,320 [worker-1] INFO: Scraping messages from Telegram channel: Seele_WW_Leak (Attempt 1)
2026-07-20 04:48:25,619 [worker-1] INFO: Scraping messages from Telegram channel: waves_wuthering (Attempt 1)
2026-07-20 04:48:28,412 [main] INFO: Completed full cycle. Sleeping for 300 seconds.
2026-07-20 04:53:28,413 [main] INFO: Spawning worker 0 for channels: disgramtest,Team_Gemberry78
2026-07-20 04:53:31,619 [worker-0] INFO: Scraping messages from Telegram channel: disgramtest (Attempt 1)
2026-07-20 04:53:32,624 [worker-0] INFO: Scraping messages from Telegram channel: Team_Gemberry78 (Attempt 1)
2026-07-20 04:53:34,716 [main] INFO: Spawning worker 1 for channels: Seele_WW_Leak,waves_wuthering
2026-07-20 04:53:37,929 [worker-1] INFO: Scraping messages from Telegram channel: Seele_WW_Leak (Attempt 1)
2026-07-20 04:53:39,019 [worker-1] INFO: Scraping messages from Telegram channel: waves_wuthering (Attempt 1)
2026-07-20 04:53:40,818 [main] INFO: Completed full cycle. Sleeping for 300 seconds.
2026-07-20 04:58:40,818 [main] INFO: Spawning worker 0 for channels: disgramtest,Team_Gemberry78
2026-07-20 04:58:44,112 [worker-0] INFO: Scraping messages from Telegram channel: disgramtest (Attempt 1)
2026-07-20 04:58:45,010 [worker-0] INFO: Scraping messages from Telegram channel: Team_Gemberry78 (Attempt 1)
2026-07-20 04:58:47,116 [main] INFO: Spawning worker 1 for channels: Seele_WW_Leak,waves_wuthering
2026-07-20 04:58:50,222 [worker-1] INFO: Scraping messages from Telegram channel: Seele_WW_Leak (Attempt 1)
2026-07-20 04:58:51,516 [worker-1] INFO: Scraping messages from Telegram channel: waves_wuthering (Attempt 1)
2026-07-20 04:58:53,121 [main] INFO: Completed full cycle. Sleeping for 300 seconds.
2026-07-20 05:03:53,122 [main] INFO: Spawning worker 0 for channels: disgramtest,Team_Gemberry78
2026-07-20 05:03:56,223 [worker-0] INFO: Scraping messages from Telegram channel: disgramtest (Attempt 1)
2026-07-20 05:03:57,216 [worker-0] INFO: Scraping messages from Telegram channel: Team_Gemberry78 (Attempt 1)
2026-07-20 05:03:59,121 [main] INFO: Spawning worker 1 for channels: Seele_WW_Leak,waves_wuthering
2026-07-20 05:04:02,522 [worker-1] INFO: Scraping messages from Telegram channel: Seele_WW_Leak (Attempt 1)
2026-07-20 05:04:04,014 [worker-1] INFO: Scraping messages from Telegram channel: waves_wuthering (Attempt 1)
2026-07-20 05:04:05,910 [main] INFO: Completed full cycle. Sleeping for 300 seconds.
2026-07-20 05:09:05,910 [main] INFO: Spawning worker 0 for channels: disgramtest,Team_Gemberry78
2026-07-20 05:09:09,022 [worker-0] INFO: Scraping messages from Telegram channel: disgramtest (Attempt 1)
2026-07-20 05:09:10,112 [worker-0] INFO: Scraping messages from Telegram channel: Team_Gemberry78 (Attempt 1)
2026-07-20 05:09:12,209 [main] INFO: Spawning worker 1 for channels: Seele_WW_Leak,waves_wuthering
2026-07-20 05:09:15,318 [worker-1] INFO: Scraping messages from Telegram channel: Seele_WW_Leak (Attempt 1)
2026-07-20 05:09:16,615 [worker-1] INFO: Scraping messages from Telegram channel: waves_wuthering (Attempt 1)
2026-07-20 05:09:19,019 [main] INFO: Completed full cycle. Sleeping for 300 seconds.
2026-07-20 05:14:19,019 [main] INFO: Spawning worker 0 for channels: disgramtest,Team_Gemberry78
2026-07-20 05:14:22,113 [worker-0] INFO: Scraping messages from Telegram channel: disgramtest (Attempt 1)
2026-07-20 05:14:23,117 [worker-0] INFO: Scraping messages from Telegram channel: Team_Gemberry78 (Attempt 1)
2026-07-20 05:14:24,916 [main] INFO: Spawning worker 1 for channels: Seele_WW_Leak,waves_wuthering
2026-07-20 05:14:28,219 [worker-1] INFO: Scraping messages from Telegram channel: Seele_WW_Leak (Attempt 1)
2026-07-20 05:14:29,611 [worker-1] INFO: Scraping messages from Telegram channel: waves_wuthering (Attempt 1)
2026-07-20 05:14:31,921 [main] INFO: Completed full cycle. Sleeping for 300 seconds.
2026-07-20 05:16:56,748 [main] WARNING: Task queue depth is 1
2026-07-20 05:19:31,922 [main] INFO: Spawning worker 0 for channels: disgramtest,Team_Gemberry78
2026-07-20 05:19:35,020 [worker-0] INFO: Scraping messages from Telegram channel: disgramtest (Attempt 1)
2026-07-20 05:19:36,019 [worker-0] INFO: Scraping messages from Telegram channel: Team_Gemberry78 (Attempt 1)
2026-07-20 05:19:38,419 [main] INFO: Spawning worker 1 for channels: Seele_WW_Leak,waves_wuthering
2026-07-20 05:19:41,423 [worker-1] INFO: Scraping messages from Telegram channel: Seele_WW_Leak (Attempt 1)
2026-07-20 05:19:42,714 [worker-1] INFO: Scraping messages from Telegram channel: waves_wuthering (Attempt 1)
2026-07-20 05:19:45,022 [main] INFO: Completed full cycle. Sleeping for 300 seconds.
2026-07-20 05:24:45,024 [main] INFO: Spawning worker 0 for channels: disgramtest,Team_Gemberry78
2026-07-20 05:24:48,217 [worker-0] INFO: Scraping messages from Telegram channel: disgramtest (Attempt 1)
2026-07-20 05:24:49,420 [worker-0] INFO: Scraping messages from Telegram channel: Team_Gemberry78 (Attempt 1)
2026-07-20 05:24:51,718 [main] INFO: Spawning worker 1 for channels: Seele_WW_Leak,waves_wuthering
2026-07-20 05:24:54,713 [worker-1] INFO: Scraping messages from Telegram channel: Seele_WW_Leak (Attempt 1)
2026-07-20 05:24:55,919 [worker-1] INFO: Scraping messages from Telegram channel: waves_wuthering (Attempt 1)
2026-07-20 05:24:58,210 [main] INFO: Completed full cycle. Sleeping for 300 seconds.
2026-07-20 05:29:58,213 [main] INFO: Spawning worker 0 for channels: disgramtest,Team_Gemberry78
2026-07-20 05:30:01,514 [worker-0] INFO: Scraping messages from Telegram channel: disgramtest (Attempt 1)
2026-07-20 05:30:02,423 [worker-0] INFO: Scraping messages from Telegram channel: Team_Gemberry78 (Attempt 1)
2026-07-20 05:30:04,622 [main] INFO: Spawning worker 1 for channels: Seele_WW_Leak,waves_wuthering
2026-07-20 05:30:07,911 [worker-1] INFO: Scraping messages from Telegram channel: Seele_WW_Leak (Attempt 1)
2026-07-20 05:30:09,212 [worker-1] INFO: Scraping messages from Telegram channel: waves_wuthering (Attempt 1)
2026-07-20 05:30:12,310 [main] INFO: Completed full cycle. Sleeping for 300 seconds.
2026-07-20 05:35:12,311 [main] INFO: Spawning worker 0 for channels: disgramtest,Team_Gemberry78
2026-07-20 05:35:15,414 [worker-0] INFO: Scraping messages from Telegram channel: disgramtest (Attempt 1)
2026-07-20 05:35:16,223 [worker-0] INFO: Scraping messages from Telegram channel: Team_Gemberry78 (Attempt 1)
2026-07-20 05:35:18,115 [main] INFO: Spawning worker 1 for channels: Seele_WW_Leak,waves_wuthering
2026-07-20 05:35:21,216 [worker-1] INFO: Scraping messages from Telegram channel: Seele_WW_Leak (Attempt 1)
2026-07-20 05:35:22,317 [worker-1] INFO: Scraping messages from Telegram channel: waves_wuthering (Attempt 1)
2026-07-20 05:35:24,416 [main] INFO: Completed full cycle. Sleeping for 300 seconds.
2026-07-20 05:40:24,417 [main] INFO: Spawning worker 0 for channels: disgramtest,Team_Gemberry78
2026-07-20 05:40:27,515 [worker-0] INFO: Scraping messages from Telegram channel: disgramtest (Attempt 1)
2026-07-20 05:40:28,519 [worker-0] INFO: Scraping messages from Telegram channel: Team_Gemberry78 (Attempt 1)
2026-07-20 05:40:30,711 [main] INFO: Spawning worker 1 for channels: Seele_WW_Leak,waves_wuthering
2026-07-20 05:40:34,319 [worker-1] INFO: Scraping messages from Telegram channel: Seele_WW_Leak (Attempt 1)
2026-07-20 05:40:35,613 [worker-1] INFO: Scraping messages from Telegram channel: waves_wuthering (Attempt 1)
2026-07-20 05:40:38,020 [main] INFO: Completed full cycle. Sleeping for 300 seconds.
2026-07-20 05:45:38,021 [main] INFO: Spawning worker 0 for channels: disgramtest,Team_Gemberry78
2026-07-20 05:45:41,118 [worker-0] INFO: Scraping messages from Telegram channel: disgramtest (Attempt 1)
2026-07-20 05:45:42,222 [worker-0] INFO: Scraping messages from Telegram channel: Team_Gemberry78 (Attempt 1)
2026-07-20 05:45:44,713 [main] INFO: Spawning worker 1 for channels: Seele_WW_Leak,waves_wuthering
2026-07-20 05:45:47,922 [worker-1] INFO: Scraping messages from Telegram channel: Seele_WW_Leak (Attempt 1)
2026-07-20 05:45:49,513 [worker-1] INFO: Scraping messages from Telegram channel: waves_wuthering (Attempt 1)
2026-07-20 05:45:51,710 [main] INFO: Completed full cycle. Sleeping for 300 seconds.
2026-07-20 05:50:51,711 [main] INFO: Spawning worker 0 for channels: disgramtest,Team_Gemberry78
2026-07-20 05:50:54,813 [worker-0] INFO: Scraping messages from Telegram channel: disgramtest (Attempt 1)
2026-07-20 05:50:55,917 [worker-0] INFO: Scraping messages from Telegram channel: Team_Gemberry78 (Attempt 1)
2026-07-20 05:50:58,112 [main] INFO: Spawning worker 1 for channels: Seele_WW_Leak,waves_wuthering
2026-07-20 05:51:01,315 [worker-1] INFO: Scraping messages from Telegram channel: Seele_WW_Leak (Attempt 1)
2026-07-20 05:51:02,819 [worker-1] INFO: Scraping messages from Telegram channel: waves_wuthering (Attempt 1)
2026-07-20 05:51:04,722 [main] INFO: Completed full cycle. Sleeping for 300 seconds.
2026-07-20 05:56:04,812 [main] INFO: Spawning worker 0 for channels: disgramtest,Team_Gemberry78
2026-07-20 05:56:08,110 [worker-0] INFO: Scraping messages from Telegram channel: disgramtest (Attempt 1)
2026-07-20 05:56:09,112 [worker-0] INFO: Scraping messages from Telegram channel: Team_Gemberry78 (Attempt 1)
2026-07-20 05:56:11,024 [main] INFO: Spawning worker 1 for channels: Seele_WW_Leak,waves_wuthering
2026-07-20 05:56:14,216 [worker-1] INFO: Scraping messages from Telegram channel: Seele_WW_Leak (Attempt 1)
2026-07-20 05:56:15,413 [worker-1] INFO: Scraping messages from Telegram channel: waves_wuthering (Attempt 1)
2026-07-20 05:56:17,417 [main] INFO: Completed full cycle. Sleeping for 300 seconds.
2026-07-20 06:00:50,771 [main] INFO: Background commit triggered by scheduled, committing log changes...
2026-07-20 06:00:51,611 [main] INFO: Successfully generated new GitHub App installation token
2026-07-20 06:00:53,092 [main] INFO: GitHub App bot identity resolved: disgram-bot[bot] <244432757+disgram-bot[bot]@users.noreply.github.com>
2026-07-20 06:00:53,103 [main] INFO: Git authentication configured for repository: SimpNick6703/Disgram.git
2026-07-20 06:00:55,010 [main] INFO: Log files to be committed: Disgram.log
